Starting job 106841 on gpu-2 at Wed Jul 6 09:07:06 CEST 2022

Collecting jsonlines
  Using cached jsonlines-3.1.0-py3-none-any.whl (8.6 kB)
Collecting attrs>=19.2.0
  Using cached attrs-21.4.0-py2.py3-none-any.whl (60 kB)
Installing collected packages: attrs, jsonlines
Successfully installed attrs-21.4.0 jsonlines-3.1.0
WARNING: You are using pip version 20.2.1; however, version 22.1.2 is available.
You should consider upgrading via the '/fp/homes01/u01/ec-egilron/venvs/trans_nopt/bin/python3 -m pip install --upgrade pip' command.
Collecting toml
  Using cached toml-0.10.2-py2.py3-none-any.whl (16 kB)
Installing collected packages: toml
Successfully installed toml-0.10.2
WARNING: You are using pip version 20.2.1; however, version 22.1.2 is available.
You should consider upgrading via the '/fp/homes01/u01/ec-egilron/venvs/trans_nopt/bin/python3 -m pip install --upgrade pip' command.
Collecting transformers==3.2.0
  Using cached transformers-3.2.0-py3-none-any.whl (1.0 MB)
Collecting tokenizers==0.8.1.rc2
  Using cached tokenizers-0.8.1rc2-cp38-cp38-manylinux1_x86_64.whl (3.0 MB)
Processing /fp/homes01/u01/ec-egilron/.cache/pip/wheels/82/ab/9b/c15899bf659ba74f623ac776e861cf2eb8608c1825ddec66a4/sacremoses-0.0.53-py3-none-any.whl
Collecting packaging
  Using cached packaging-21.3-py3-none-any.whl (40 kB)
Collecting tqdm>=4.27
  Using cached tqdm-4.64.0-py2.py3-none-any.whl (78 kB)
Collecting regex!=2019.12.17
  Using cached regex-2022.6.2-cp38-cp38-manylinux_2_17_x86_64.manylinux2014_x86_64.whl (764 kB)
Collecting numpy
  Using cached numpy-1.23.0-cp38-cp38-manylinux_2_17_x86_64.manylinux2014_x86_64.whl (17.1 MB)
Collecting filelock
  Using cached filelock-3.7.1-py3-none-any.whl (10 kB)
Collecting requests
  Using cached requests-2.28.1-py3-none-any.whl (62 kB)
Collecting sentencepiece!=0.1.92
  Using cached sentencepiece-0.1.96-cp38-cp38-manylinux_2_17_x86_64.manylinux2014_x86_64.whl (1.2 MB)
Collecting click
  Using cached click-8.1.3-py3-none-any.whl (96 kB)
Collecting joblib
  Using cached joblib-1.1.0-py2.py3-none-any.whl (306 kB)
Collecting six
  Using cached six-1.16.0-py2.py3-none-any.whl (11 kB)
Collecting pyparsing!=3.0.5,>=2.0.2
  Using cached pyparsing-3.0.9-py3-none-any.whl (98 kB)
Collecting charset-normalizer<3,>=2
  Using cached charset_normalizer-2.1.0-py3-none-any.whl (39 kB)
Collecting certifi>=2017.4.17
  Using cached certifi-2022.6.15-py3-none-any.whl (160 kB)
Collecting idna<4,>=2.5
  Using cached idna-3.3-py3-none-any.whl (61 kB)
Collecting urllib3<1.27,>=1.21.1
  Using cached urllib3-1.26.9-py2.py3-none-any.whl (138 kB)
Installing collected packages: tokenizers, regex, tqdm, click, joblib, six, sacremoses, pyparsing, packaging, numpy, filelock, charset-normalizer, certifi, idna, urllib3, requests, sentencepiece, transformers
ERROR: After October 2020 you may experience errors when installing or updating packages. This is because pip will change the way that it resolves dependency conflicts.

We recommend you use --use-feature=2020-resolver to test your packages with the new resolver before it becomes the default.

pandas 1.1.4 requires python-dateutil>=2.7.3, which is not installed.
pandas 1.1.4 requires pytz>=2017.2, which is not installed.
Successfully installed certifi-2022.6.15 charset-normalizer-2.1.0 click-8.1.3 filelock-3.7.1 idna-3.3 joblib-1.1.0 numpy-1.23.0 packaging-21.3 pyparsing-3.0.9 regex-2022.6.2 requests-2.28.1 sacremoses-0.0.53 sentencepiece-0.1.96 six-1.16.0 tokenizers-0.8.1rc2 tqdm-4.64.0 transformers-3.2.0 urllib3-1.26.9
WARNING: You are using pip version 20.2.1; however, version 22.1.2 is available.
You should consider upgrading via the '/fp/homes01/u01/ec-egilron/venvs/trans_nopt/bin/python3 -m pip install --upgrade pip' command.
Starting experiment LARGE_000
Loading /fp/homes01/u01/ec-egilron/transformers/221...
Bert successfully loaded.
Tokenizing documents at /fp/homes01/u01/ec-egilron/narc-baseline/data/wl-formatted_heads/narc_train_head.jsonl...
Tokenization OK

  0% 0/260 [00:00<?, ?docs/s]
Epoch 1: nwbokmaal_db~20081207-3959721 c_loss: 55.66481 s_loss: 0.49072:   0% 0/260 [00:09<?, ?docs/s]
Epoch 1: nwbokmaal_db~20081207-3959721 c_loss: 55.66481 s_loss: 0.49072:   0% 1/260 [00:09<39:39,  9.19s/docs]
Epoch 1: nwbokmaal_bt~BT-20120820-2752121 c_loss: 71.67338 s_loss: 2.05963:   0% 1/260 [00:09<39:39,  9.19s/docs]
Epoch 1: nwbokmaal_bt~BT-20120820-2752121 c_loss: 71.67338 s_loss: 2.05963:   1% 2/260 [00:09<16:35,  3.86s/docs]
Epoch 4: nwbokmaal_ap~20090825-3233467 c_loss: 0.93708 s_loss: inf:  99% 257/260 [00:17<00:00, 15.44docs/s]    
Epoch 4: nwbokmaal_ap~20090825-3233467 c_loss: 0.93708 s_loss: inf: 100% 259/260 [00:17<00:00, 15.58docs/s]
Epoch 4: nwbokmaal_kk~20110830-59228 c_loss: 0.93638 s_loss: inf: 100% 259/260 [00:17<00:00, 15.58docs/s]  
Epoch 4: nwbokmaal_kk~20110830-59228 c_loss: 0.93638 s_loss: inf: 100% 260/260 [00:17<00:00, 14.79docs/s]Tokenizing documents at /fp/homes01/u01/ec-egilron/narc-baseline/data/wl-formatted_heads/narc_development_head.jsonl...
Tokenization OK


  0% 0/33 [00:00<?, ?docs/s]
dev: | WL:  loss: 1.50625, f1: 0.52331, p: 0.63119, r: 0.44692 | SL:  sa: 0.97154, f1: 0.52978, p: 0.63400, r: 0.45499:   0% 0/33 [00:00<?, ?docs/s]
dev: | WL:  loss: 2.39070, f1: 0.54022, p: 0.65024, r: 0.46204 | SL:  sa: 0.97203, f1: 0.54570, p: 0.65262, r: 0.46888:   0% 0/33 [00:00<?, ?docs/s]
dev: | WL:  loss: 3.79206, f1: 0.54976, p: 0.69628, r: 0.45419 | SL:  sa: 0.96821, f1: 0.55263, p: 0.69824, r: 0.45727:   0% 0/33 [00:00<?, ?docs/s]
dev: | WL:  loss: 3.79206, f1: 0.54976, p: 0.69628, r: 0.45419 | SL:  sa: 0.96821, f1: 0.55263, p: 0.69824, r: 0.45727:   9% 3/33 [00:00<00:01, 29.94docs/s]
dev: | WL:  loss: 0.96849, f1: 0.55974, p: 0.69609, r: 0.46806 | SL:  sa: 0.96901, f1: 0.56239, p: 0.69795, r: 0.47092:   9% 3/33 [00:00<00:01, 29.94docs/s]
dev: | WL:  loss: 1.59422, f1: 0.49833, p: 0.67145, r: 0.39618 | SL:  sa: 0.94650, f1: 0.48833, p: 0.65145, r: 0.39054:   9% 3/33 [00:00<00:01, 29.94docs/s]
dev: | WL:  loss: 1.92728, f1: 0.50973, p: 0.68110, r: 0.40726 | SL:  sa: 0.94685, f1: 0.50011, p: 0.66218, r: 0.40177:   9% 3/33 [00:00<00:01, 29.94docs/s]
dev: | WL:  loss: 2.04162, f1: 0.52808, p: 0.70873, r: 0.42082 | SL:  sa: 0.95372, f1: 0.51999, p: 0.69296, r: 0.41612:   9% 3/33 [00:00<00:01, 29.94docs/s]
dev: | WL:  loss: 2.04162, f1: 0.52808, p: 0.70873, r: 0.42082 | SL:  sa: 0.95372, f1: 0.51999, p: 0.69296, r: 0.41612:  21% 7/33 [00:00<00:00, 35.27docs/s]
dev: | WL:  loss: 1.21527, f1: 0.52058, p: 0.71999, r: 0.40768 | SL:  sa: 0.95282, f1: 0.51320, p: 0.70506, r: 0.40342:  21% 7/33 [00:00<00:00, 35.27docs/s]
dev: | WL:  loss: 1.35084, f1: 0.50418, p: 0.68616, r: 0.39849 | SL:  sa: 0.94256, f1: 0.49886, p: 0.68211, r: 0.39322:  21% 7/33 [00:00<00:00, 35.27docs/s]
dev: | WL:  loss: 1.54233, f1: 0.50153, p: 0.68965, r: 0.39404 | SL:  sa: 0.94217, f1: 0.49300, p: 0.68031, r: 0.38657:  21% 7/33 [00:00<00:00, 35.27docs/s]
dev: | WL:  loss: 1.65880, f1: 0.50179, p: 0.69120, r: 0.39385 | SL:  sa: 0.94197, f1: 0.49338, p: 0.68199, r: 0.38649:  21% 7/33 [00:00<00:00, 35.27docs/s]
dev: | WL:  loss: 1.65880, f1: 0.50179, p: 0.69120, r: 0.39385 | SL:  sa: 0.94197, f1: 0.49338, p: 0.68199, r: 0.38649:  33% 11/33 [00:00<00:00, 33.78docs/s]
dev: | WL:  loss: 1.13352, f1: 0.50732, p: 0.69066, r: 0.40090 | SL:  sa: 0.94159, f1: 0.49787, p: 0.68310, r: 0.39167:  33% 11/33 [00:00<00:00, 33.78docs/s]
dev: | WL:  loss: 1.17669, f1: 0.50693, p: 0.68579, r: 0.40207 | SL:  sa: 0.93960, f1: 0.49836, p: 0.67946, r: 0.39348:  33% 11/33 [00:00<00:00, 33.78docs/s]
dev: | WL:  loss: 1.34995, f1: 0.48095, p: 0.60669, r: 0.39838 | SL:  sa: 0.94025, f1: 0.47301, p: 0.60112, r: 0.38992:  33% 11/33 [00:00<00:00, 33.78docs/s]
dev: | WL:  loss: 1.45501, f1: 0.48041, p: 0.61071, r: 0.39593 | SL:  sa: 0.93883, f1: 0.47478, p: 0.60718, r: 0.38978:  33% 11/33 [00:00<00:00, 33.78docs/s]
dev: | WL:  loss: 1.45501, f1: 0.48041, p: 0.61071, r: 0.39593 | SL:  sa: 0.93883, f1: 0.47478, p: 0.60718, r: 0.38978:  45% 15/33 [00:00<00:00, 35.98docs/s]
dev: | WL:  loss: 1.15466, f1: 0.48563, p: 0.61192, r: 0.40255 | SL:  sa: 0.93434, f1: 0.47443, p: 0.60380, r: 0.39072:  45% 15/33 [00:00<00:00, 35.98docs/s]
dev: | WL:  loss: 1.25058, f1: 0.48055, p: 0.61021, r: 0.39634 | SL:  sa: 0.93386, f1: 0.47096, p: 0.60630, r: 0.38501:  45% 15/33 [00:00<00:00, 35.98docs/s]
dev: | WL:  loss: 1.35837, f1: 0.45667, p: 0.58780, r: 0.37338 | SL:  sa: 0.87931, f1: 0.44683, p: 0.58404, r: 0.36183:  45% 15/33 [00:00<00:00, 35.98docs/s]
dev: | WL:  loss: 1.35940, f1: 0.45667, p: 0.58780, r: 0.37338 | SL:  sa: 0.87931, f1: 0.44683, p: 0.58404, r: 0.36183:  45% 15/33 [00:00<00:00, 35.98docs/s]
dev: | WL:  loss: 1.35940, f1: 0.45667, p: 0.58780, r: 0.37338 | SL:  sa: 0.87931, f1: 0.44683, p: 0.58404, r: 0.36183:  58% 19/33 [00:00<00:00, 37.01docs/s]
dev: | WL:  loss: 1.19463, f1: 0.44469, p: 0.57560, r: 0.36230 | SL:  sa: 0.88079, f1: 0.43986, p: 0.57844, r: 0.35485:  58% 19/33 [00:00<00:00, 37.01docs/s]
dev: | WL:  loss: 1.24357, f1: 0.44341, p: 0.58052, r: 0.35870 | SL:  sa: 0.87901, f1: 0.43487, p: 0.57682, r: 0.34899:  58% 19/33 [00:00<00:00, 37.01docs/s]
dev: | WL:  loss: 1.31579, f1: 0.44342, p: 0.58097, r: 0.35854 | SL:  sa: 0.87951, f1: 0.43501, p: 0.57678, r: 0.34918:  58% 19/33 [00:00<00:00, 37.01docs/s]
dev: | WL:  loss: 1.33723, f1: 0.44271, p: 0.58097, r: 0.35761 | SL:  sa: 0.87982, f1: 0.43432, p: 0.57678, r: 0.34829:  58% 19/33 [00:00<00:00, 37.01docs/s]
dev: | WL:  loss: 1.33723, f1: 0.44271, p: 0.58097, r: 0.35761 | SL:  sa: 0.87982, f1: 0.43432, p: 0.57678, r: 0.34829:  70% 23/33 [00:00<00:00, 32.00docs/s]
dev: | WL:  loss: 1.16765, f1: 0.42606, p: 0.56678, r: 0.34131 | SL:  sa: 0.87793, f1: 0.42064, p: 0.56747, r: 0.33418:  70% 23/33 [00:00<00:00, 32.00docs/s]
dev: | WL:  loss: 1.20111, f1: 0.43107, p: 0.57534, r: 0.34465 | SL:  sa: 0.87865, f1: 0.42461, p: 0.57448, r: 0.33676:  70% 23/33 [00:00<00:00, 32.00docs/s]
dev: | WL:  loss: 1.24382, f1: 0.43591, p: 0.57645, r: 0.35046 | SL:  sa: 0.88016, f1: 0.42944, p: 0.57644, r: 0.34218:  70% 23/33 [00:00<00:00, 32.00docs/s]
dev: | WL:  loss: 1.27594, f1: 0.43907, p: 0.58284, r: 0.35220 | SL:  sa: 0.88372, f1: 0.43177, p: 0.58140, r: 0.34339:  70% 23/33 [00:00<00:00, 32.00docs/s]
dev: | WL:  loss: 1.27594, f1: 0.43907, p: 0.58284, r: 0.35220 | SL:  sa: 0.88372, f1: 0.43177, p: 0.58140, r: 0.34339:  82% 27/33 [00:00<00:00, 32.99docs/s]
dev: | WL:  loss: 1.16969, f1: 0.43617, p: 0.58580, r: 0.34743 | SL:  sa: 0.88616, f1: 0.42893, p: 0.58438, r: 0.33881:  82% 27/33 [00:00<00:00, 32.99docs/s]
dev: | WL:  loss: 1.20299, f1: 0.46231, p: 0.61805, r: 0.36926 | SL:  sa: 0.89277, f1: 0.45368, p: 0.61426, r: 0.35966:  82% 27/33 [00:00<00:00, 32.99docs/s]
dev: | WL:  loss: 1.22802, f1: 0.46532, p: 0.61674, r: 0.37360 | SL:  sa: 0.89442, f1: 0.45685, p: 0.61301, r: 0.36409:  82% 27/33 [00:00<00:00, 32.99docs/s]
dev: | WL:  loss: 1.28559, f1: 0.45879, p: 0.60659, r: 0.36891 | SL:  sa: 0.89677, f1: 0.45478, p: 0.61047, r: 0.36236:  82% 27/33 [00:00<00:00, 32.99docs/s]
dev: | WL:  loss: 1.28559, f1: 0.45879, p: 0.60659, r: 0.36891 | SL:  sa: 0.89677, f1: 0.45478, p: 0.61047, r: 0.36236:  94% 31/33 [00:00<00:00, 30.96docs/s]
dev: | WL:  loss: 1.15064, f1: 0.46222, p: 0.60803, r: 0.37281 | SL:  sa: 0.89752, f1: 0.45768, p: 0.61174, r: 0.36560:  94% 31/33 [00:00<00:00, 30.96docs/s]
dev: | WL:  loss: 1.18211, f1: 0.46168, p: 0.60812, r: 0.37208 | SL:  sa: 0.89754, f1: 0.45801, p: 0.61252, r: 0.36575:  94% 31/33 [00:00<00:00, 30.96docs/s]
dev: | WL:  loss: 1.18211, f1: 0.46168, p: 0.60812, r: 0.37208 | SL:  sa: 0.89754, f1: 0.45801, p: 0.61252, r: 0.36575: 100% 33/33 [00:00<00:00, 33.33docs/s]


  0% 0/260 [00:00<?, ?docs/s]
Epoch 5: nwbokmaal_spbm~20050822-508220317 c_loss: 0.66854 s_loss: 0.15326:   0% 0/260 [00:00<?, ?docs/s]
Epoch 5: nwbokmaal_kk~20110831-59232 c_loss: 1.46651 s_loss: 0.18082:   0% 0/260 [00:00<?, ?docs/s]      
Epoch 5: nwbokmaal_kk~20110831-59232 c_loss: 1.46651 s_loss: 0.18082:   1% 2/260 [00:00<00:14, 17.21docs/s]
Epoch 5: nwbokmaal_spbm~20050822-508220314 c_loss: 0.92873 s_loss: 0.13013:   1% 2/260 [00:00<00:14, 17.21docs/s]
Epoch 5: nwbokmaal_db~20081029-3581006 c_loss: 1.13841 s_loss: 0.14845:   1% 2/260 [00:00<00:14, 17.21docs/s]    
Epoch 5: nwbokmaal_db~20081029-3581006 c_loss: 1.13841 s_loss: 0.14845:   2% 4/260 [00:00<00:14, 17.07docs/s]
Epoch 5: nwbokmaal_db~20081207-3959931 c_loss: 0.88610 s_loss: 0.09027:   2% 4/260 [00:00<00:14, 17.07docs/s]
Epoch 8: nwbokmaal_bloggbm~blogg-bm_002_a c_loss: 0.46063 s_loss: inf: 100% 259/260 [00:17<00:00, 15.93docs/s]
Epoch 8: nwbokmaal_spbm~20111209-405135 c_loss: 0.45561 s_loss: inf: 100% 259/260 [00:17<00:00, 15.93docs/s]  
Epoch 8: nwbokmaal_spbm~20111209-405135 c_loss: 0.45561 s_loss: inf: 100% 260/260 [00:17<00:00, 14.87docs/s]

  0% 0/33 [00:00<?, ?docs/s]
dev: | WL:  loss: 0.65114, f1: 0.57674, p: 0.65249, r: 0.51675 | SL:  sa: 0.97561, f1: 0.56976, p: 0.64567, r: 0.50982:   0% 0/33 [00:00<?, ?docs/s]
dev: | WL:  loss: 1.13832, f1: 0.59176, p: 0.66646, r: 0.53212 | SL:  sa: 0.97203, f1: 0.58571, p: 0.66065, r: 0.52605:   0% 0/33 [00:00<?, ?docs/s]
dev: | WL:  loss: 1.98094, f1: 0.59791, p: 0.68332, r: 0.53147 | SL:  sa: 0.96821, f1: 0.58524, p: 0.67307, r: 0.51769:   0% 0/33 [00:00<?, ?docs/s]
dev: | WL:  loss: 2.13016, f1: 0.60635, p: 0.68583, r: 0.54339 | SL:  sa: 0.96901, f1: 0.59403, p: 0.67596, r: 0.52982:   0% 0/33 [00:00<?, ?docs/s]
dev: | WL:  loss: 2.13016, f1: 0.60635, p: 0.68583, r: 0.54339 | SL:  sa: 0.96901, f1: 0.59403, p: 0.67596, r: 0.52982:  12% 4/33 [00:00<00:00, 37.68docs/s]
dev: | WL:  loss: 0.64623, f1: 0.54259, p: 0.64465, r: 0.46842 | SL:  sa: 0.95062, f1: 0.52299, p: 0.62183, r: 0.45126:  12% 4/33 [00:00<00:00, 37.68docs/s]
dev: | WL:  loss: 0.78436, f1: 0.55405, p: 0.65452, r: 0.48031 | SL:  sa: 0.95079, f1: 0.53526, p: 0.63276, r: 0.46380:  12% 4/33 [00:00<00:00, 37.68docs/s]
dev: | WL:  loss: 0.82270, f1: 0.59386, p: 0.66594, r: 0.53586 | SL:  sa: 0.95702, f1: 0.57527, p: 0.64580, r: 0.51863:  12% 4/33 [00:00<00:00, 37.68docs/s]
dev: | WL:  loss: 0.99271, f1: 0.58291, p: 0.66598, r: 0.51827 | SL:  sa: 0.95434, f1: 0.55917, p: 0.64005, r: 0.49644:  12% 4/33 [00:00<00:00, 37.68docs/s]
dev: | WL:  loss: 0.99271, f1: 0.58291, p: 0.66598, r: 0.51827 | SL:  sa: 0.95434, f1: 0.55917, p: 0.64005, r: 0.49644:  24% 8/33 [00:00<00:00, 36.95docs/s]
dev: | WL:  loss: 0.62735, f1: 0.56883, p: 0.63877, r: 0.51269 | SL:  sa: 0.94959, f1: 0.55464, p: 0.63052, r: 0.49506:  24% 8/33 [00:00<00:00, 36.95docs/s]
dev: | WL:  loss: 0.71403, f1: 0.55356, p: 0.61655, r: 0.50224 | SL:  sa: 0.95163, f1: 0.53959, p: 0.60677, r: 0.48581:  24% 8/33 [00:00<00:00, 36.95docs/s]
dev: | WL:  loss: 0.79704, f1: 0.55276, p: 0.61725, r: 0.50048 | SL:  sa: 0.95233, f1: 0.53899, p: 0.60760, r: 0.48430:  24% 8/33 [00:00<00:00, 36.95docs/s]
dev: | WL:  loss: 0.84198, f1: 0.55504, p: 0.61682, r: 0.50450 | SL:  sa: 0.95267, f1: 0.54256, p: 0.60971, r: 0.48874:  24% 8/33 [00:00<00:00, 36.95docs/s]
dev: | WL:  loss: 0.84198, f1: 0.55504, p: 0.61682, r: 0.50450 | SL:  sa: 0.95267, f1: 0.54256, p: 0.60971, r: 0.48874:  36% 12/33 [00:00<00:00, 36.09docs/s]
dev: | WL:  loss: 0.59714, f1: 0.55513, p: 0.61791, r: 0.50393 | SL:  sa: 0.95050, f1: 0.54315, p: 0.61090, r: 0.48893:  36% 12/33 [00:00<00:00, 36.09docs/s]
dev: | WL:  loss: 0.75079, f1: 0.52454, p: 0.54524, r: 0.50536 | SL:  sa: 0.95103, f1: 0.51364, p: 0.53905, r: 0.49051:  36% 12/33 [00:00<00:00, 36.09docs/s]
dev: | WL:  loss: 0.80682, f1: 0.52248, p: 0.54369, r: 0.50287 | SL:  sa: 0.94995, f1: 0.51258, p: 0.53965, r: 0.48810:  36% 12/33 [00:00<00:00, 36.09docs/s]
dev: | WL:  loss: 0.85312, f1: 0.52778, p: 0.54977, r: 0.50748 | SL:  sa: 0.94613, f1: 0.51633, p: 0.54380, r: 0.49150:  36% 12/33 [00:00<00:00, 36.09docs/s]
dev: | WL:  loss: 0.85312, f1: 0.52778, p: 0.54977, r: 0.50748 | SL:  sa: 0.94613, f1: 0.51633, p: 0.54380, r: 0.49150:  48% 16/33 [00:00<00:00, 28.76docs/s]
dev: | WL:  loss: 0.70127, f1: 0.52408, p: 0.55110, r: 0.49959 | SL:  sa: 0.94502, f1: 0.51231, p: 0.54591, r: 0.48261:  48% 16/33 [00:00<00:00, 28.76docs/s]
dev: | WL:  loss: 0.79199, f1: 0.49827, p: 0.52935, r: 0.47064 | SL:  sa: 0.89055, f1: 0.48639, p: 0.52437, r: 0.45354:  48% 16/33 [00:00<00:00, 28.76docs/s]
dev: | WL:  loss: 0.79296, f1: 0.49827, p: 0.52935, r: 0.47064 | SL:  sa: 0.89055, f1: 0.48639, p: 0.52437, r: 0.45354:  48% 16/33 [00:00<00:00, 28.76docs/s]
dev: | WL:  loss: 0.86626, f1: 0.48515, p: 0.50961, r: 0.46293 | SL:  sa: 0.89237, f1: 0.48006, p: 0.51008, r: 0.45339:  48% 16/33 [00:00<00:00, 28.76docs/s]
dev: | WL:  loss: 0.89557, f1: 0.48649, p: 0.51177, r: 0.46359 | SL:  sa: 0.88882, f1: 0.47838, p: 0.50874, r: 0.45144:  48% 16/33 [00:00<00:00, 28.76docs/s]
dev: | WL:  loss: 0.89557, f1: 0.48649, p: 0.51177, r: 0.46359 | SL:  sa: 0.88882, f1: 0.47838, p: 0.50874, r: 0.45144:  64% 21/33 [00:00<00:00, 32.58docs/s]
dev: | WL:  loss: 0.72513, f1: 0.48590, p: 0.51258, r: 0.46186 | SL:  sa: 0.88918, f1: 0.47826, p: 0.51070, r: 0.44971:  64% 21/33 [00:00<00:00, 32.58docs/s]
dev: | WL:  loss: 0.73145, f1: 0.48626, p: 0.51325, r: 0.46196 | SL:  sa: 0.88946, f1: 0.47863, p: 0.51137, r: 0.44983:  64% 21/33 [00:00<00:00, 32.58docs/s]
dev: | WL:  loss: 0.76735, f1: 0.46852, p: 0.49765, r: 0.44261 | SL:  sa: 0.88815, f1: 0.46436, p: 0.50014, r: 0.43336:  64% 21/33 [00:00<00:00, 32.58docs/s]
dev: | WL:  loss: 0.78175, f1: 0.47290, p: 0.50473, r: 0.44485 | SL:  sa: 0.88856, f1: 0.46942, p: 0.50843, r: 0.43596:  64% 21/33 [00:00<00:00, 32.58docs/s]
dev: | WL:  loss: 0.81658, f1: 0.47449, p: 0.50223, r: 0.44966 | SL:  sa: 0.89090, f1: 0.47118, p: 0.50580, r: 0.44099:  64% 21/33 [00:00<00:00, 32.58docs/s]
dev: | WL:  loss: 0.81658, f1: 0.47449, p: 0.50223, r: 0.44966 | SL:  sa: 0.89090, f1: 0.47118, p: 0.50580, r: 0.44099:  79% 26/33 [00:00<00:00, 35.78docs/s]
dev: | WL:  loss: 0.68296, f1: 0.47660, p: 0.50343, r: 0.45249 | SL:  sa: 0.89508, f1: 0.47240, p: 0.50587, r: 0.44309:  79% 26/33 [00:00<00:00, 35.78docs/s]
dev: | WL:  loss: 0.71396, f1: 0.48070, p: 0.51202, r: 0.45298 | SL:  sa: 0.89661, f1: 0.47642, p: 0.51440, r: 0.44366:  79% 26/33 [00:00<00:00, 35.78docs/s]
dev: | WL:  loss: 0.73049, f1: 0.50748, p: 0.54221, r: 0.47693 | SL:  sa: 0.90316, f1: 0.50071, p: 0.54129, r: 0.46580:  79% 26/33 [00:00<00:00, 35.78docs/s]
dev: | WL:  loss: 0.74436, f1: 0.51255, p: 0.54804, r: 0.48138 | SL:  sa: 0.90465, f1: 0.50586, p: 0.54714, r: 0.47037:  79% 26/33 [00:00<00:00, 35.78docs/s]
dev: | WL:  loss: 0.74436, f1: 0.51255, p: 0.54804, r: 0.48138 | SL:  sa: 0.90465, f1: 0.50586, p: 0.54714, r: 0.47037:  91% 30/33 [00:00<00:00, 34.49docs/s]
dev: | WL:  loss: 0.68354, f1: 0.50689, p: 0.53959, r: 0.47793 | SL:  sa: 0.90867, f1: 0.50796, p: 0.54824, r: 0.47320:  91% 30/33 [00:00<00:00, 34.49docs/s]
dev: | WL:  loss: 0.70263, f1: 0.50958, p: 0.54286, r: 0.48014 | SL:  sa: 0.90992, f1: 0.50981, p: 0.55064, r: 0.47463:  91% 30/33 [00:00<00:00, 34.49docs/s]
dev: | WL:  loss: 0.72609, f1: 0.50857, p: 0.54265, r: 0.47853 | SL:  sa: 0.91025, f1: 0.50953, p: 0.55097, r: 0.47389:  91% 30/33 [00:00<00:00, 34.49docs/s]
dev: | WL:  loss: 0.72609, f1: 0.50857, p: 0.54265, r: 0.47853 | SL:  sa: 0.91025, f1: 0.50953, p: 0.55097, r: 0.47389: 100% 33/33 [00:00<00:00, 34.06docs/s]


  0% 0/260 [00:00<?, ?docs/s]
Epoch 9: nwbokmaal_spbm~19970906-709060304 c_loss: 0.04108 s_loss: 0.00551:   0% 0/260 [00:00<?, ?docs/s]
Epoch 9: nwbokmaal_dbb~20081017-3511135_b c_loss: 0.79389 s_loss: inf:   0% 0/260 [00:00<?, ?docs/s]     
Epoch 9: nwbokmaal_dbb~20081017-3511135_b c_loss: 0.79389 s_loss: inf:   1% 2/260 [00:00<00:21, 11.97docs/s]
Epoch 9: nwbokmaal_db~20081209-3979096 c_loss: 0.28505 s_loss: inf:   1% 2/260 [00:00<00:21, 11.97docs/s]   
Epoch 9: nwbokmaal_vg~VG-20121219-10048819 c_loss: 0.34849 s_loss: inf:   1% 2/260 [00:00<00:21, 11.97docs/s]
Epoch 12: nwbokmaal_db~20081207-3959721 c_loss: 0.21416 s_loss: inf:  98% 256/260 [00:17<00:00, 14.46docs/s]
Epoch 12: nwbokmaal_ap_20091013-3318641 c_loss: 0.21530 s_loss: inf:  98% 256/260 [00:17<00:00, 14.46docs/s]
Epoch 12: nwbokmaal_ap_20091013-3318641 c_loss: 0.21530 s_loss: inf: 100% 259/260 [00:17<00:00, 16.39docs/s]
Epoch 12: nwbokmaal_db~20081103-3613517 c_loss: 0.21329 s_loss: inf: 100% 259/260 [00:17<00:00, 16.39docs/s]
Epoch 12: nwbokmaal_db~20081103-3613517 c_loss: 0.21329 s_loss: inf: 100% 260/260 [00:17<00:00, 14.94docs/s]

  0% 0/33 [00:00<?, ?docs/s]
dev: | WL:  loss: 0.32946, f1: 0.59642, p: 0.65173, r: 0.54977 | SL:  sa: 0.97967, f1: 0.59253, p: 0.63904, r: 0.55234:   0% 0/33 [00:00<?, ?docs/s]
dev: | WL:  loss: 0.65255, f1: 0.60690, p: 0.66491, r: 0.55819 | SL:  sa: 0.97552, f1: 0.60366, p: 0.65423, r: 0.56035:   0% 0/33 [00:00<?, ?docs/s]
dev: | WL:  loss: 1.07558, f1: 0.60860, p: 0.67620, r: 0.55329 | SL:  sa: 0.97110, f1: 0.60108, p: 0.66185, r: 0.55054:   0% 0/33 [00:00<?, ?docs/s]
dev: | WL:  loss: 1.14793, f1: 0.61755, p: 0.68140, r: 0.56464 | SL:  sa: 0.97183, f1: 0.61016, p: 0.66758, r: 0.56184:   0% 0/33 [00:00<?, ?docs/s]
dev: | WL:  loss: 1.14793, f1: 0.61755, p: 0.68140, r: 0.56464 | SL:  sa: 0.97183, f1: 0.61016, p: 0.66758, r: 0.56184:  12% 4/33 [00:00<00:00, 36.48docs/s]
dev: | WL:  loss: 0.35118, f1: 0.58327, p: 0.66483, r: 0.51953 | SL:  sa: 0.95267, f1: 0.56958, p: 0.64184, r: 0.51195:  12% 4/33 [00:00<00:00, 36.48docs/s]
dev: | WL:  loss: 0.43922, f1: 0.59181, p: 0.67122, r: 0.52921 | SL:  sa: 0.95276, f1: 0.57872, p: 0.64948, r: 0.52187:  12% 4/33 [00:00<00:00, 36.48docs/s]
dev: | WL:  loss: 0.45708, f1: 0.62788, p: 0.69307, r: 0.57389 | SL:  sa: 0.95868, f1: 0.61383, p: 0.67225, r: 0.56474:  12% 4/33 [00:00<00:00, 36.48docs/s]
dev: | WL:  loss: 0.55094, f1: 0.61754, p: 0.69662, r: 0.55458 | SL:  sa: 0.95738, f1: 0.59794, p: 0.66951, r: 0.54020:  12% 4/33 [00:00<00:00, 36.48docs/s]
dev: | WL:  loss: 0.55094, f1: 0.61754, p: 0.69662, r: 0.55458 | SL:  sa: 0.95738, f1: 0.59794, p: 0.66951, r: 0.54020:  24% 8/33 [00:00<00:00, 36.57docs/s]
dev: | WL:  loss: 0.34319, f1: 0.60020, p: 0.67065, r: 0.54314 | SL:  sa: 0.95428, f1: 0.58738, p: 0.66088, r: 0.52859:  24% 8/33 [00:00<00:00, 36.57docs/s]
dev: | WL:  loss: 0.38867, f1: 0.58172, p: 0.64970, r: 0.52663 | SL:  sa: 0.95584, f1: 0.56788, p: 0.63802, r: 0.51163:  24% 8/33 [00:00<00:00, 36.57docs/s]
dev: | WL:  loss: 0.43971, f1: 0.58053, p: 0.64995, r: 0.52451 | SL:  sa: 0.95648, f1: 0.56688, p: 0.63844, r: 0.50974:  24% 8/33 [00:00<00:00, 36.57docs/s]
dev: | WL:  loss: 0.47036, f1: 0.58087, p: 0.64572, r: 0.52785 | SL:  sa: 0.95670, f1: 0.56859, p: 0.63697, r: 0.51347:  24% 8/33 [00:00<00:00, 36.57docs/s]
dev: | WL:  loss: 0.47036, f1: 0.58087, p: 0.64572, r: 0.52785 | SL:  sa: 0.95670, f1: 0.56859, p: 0.63697, r: 0.51347:  36% 12/33 [00:00<00:00, 35.71docs/s]
dev: | WL:  loss: 0.33904, f1: 0.58426, p: 0.64960, r: 0.53086 | SL:  sa: 0.95545, f1: 0.56820, p: 0.63632, r: 0.51325:  36% 12/33 [00:00<00:00, 35.71docs/s]
dev: | WL:  loss: 0.41027, f1: 0.55015, p: 0.56958, r: 0.53200 | SL:  sa: 0.95593, f1: 0.53538, p: 0.55794, r: 0.51457:  36% 12/33 [00:00<00:00, 35.71docs/s]
dev: | WL:  loss: 0.43748, f1: 0.54698, p: 0.56854, r: 0.52699 | SL:  sa: 0.95459, f1: 0.53294, p: 0.55740, r: 0.51053:  36% 12/33 [00:00<00:00, 35.71docs/s]
dev: | WL:  loss: 0.46159, f1: 0.54309, p: 0.56925, r: 0.51922 | SL:  sa: 0.95286, f1: 0.52949, p: 0.55819, r: 0.50360:  36% 12/33 [00:00<00:00, 35.71docs/s]
dev: | WL:  loss: 0.46159, f1: 0.54309, p: 0.56925, r: 0.51922 | SL:  sa: 0.95286, f1: 0.52949, p: 0.55819, r: 0.50360:  48% 16/33 [00:00<00:00, 34.62docs/s]
dev: | WL:  loss: 0.38286, f1: 0.53915, p: 0.57046, r: 0.51110 | SL:  sa: 0.95299, f1: 0.52546, p: 0.56039, r: 0.49463:  48% 16/33 [00:00<00:00, 34.62docs/s]
dev: | WL:  loss: 0.43580, f1: 0.51231, p: 0.54736, r: 0.48149 | SL:  sa: 0.89805, f1: 0.49863, p: 0.53770, r: 0.46485:  48% 16/33 [00:00<00:00, 34.62docs/s]
dev: | WL:  loss: 0.43693, f1: 0.51231, p: 0.54736, r: 0.48149 | SL:  sa: 0.89805, f1: 0.49863, p: 0.53770, r: 0.46485:  48% 16/33 [00:00<00:00, 34.62docs/s]
dev: | WL:  loss: 0.47646, f1: 0.50147, p: 0.53289, r: 0.47354 | SL:  sa: 0.90054, f1: 0.49549, p: 0.53027, r: 0.46500:  48% 16/33 [00:00<00:00, 34.62docs/s]
dev: | WL:  loss: 0.49094, f1: 0.50375, p: 0.53238, r: 0.47804 | SL:  sa: 0.89863, f1: 0.49223, p: 0.52336, r: 0.46460:  48% 16/33 [00:00<00:00, 34.62docs/s]
dev: | WL:  loss: 0.49094, f1: 0.50375, p: 0.53238, r: 0.47804 | SL:  sa: 0.89863, f1: 0.49223, p: 0.52336, r: 0.46460:  64% 21/33 [00:00<00:00, 36.84docs/s]
dev: | WL:  loss: 0.39649, f1: 0.50405, p: 0.53520, r: 0.47632 | SL:  sa: 0.89948, f1: 0.49169, p: 0.52486, r: 0.46246:  64% 21/33 [00:00<00:00, 36.84docs/s]
dev: | WL:  loss: 0.39784, f1: 0.50438, p: 0.53587, r: 0.47638 | SL:  sa: 0.89974, f1: 0.49204, p: 0.52554, r: 0.46256:  64% 21/33 [00:00<00:00, 36.84docs/s]
dev: | WL:  loss: 0.42201, f1: 0.48704, p: 0.52567, r: 0.45369 | SL:  sa: 0.89898, f1: 0.47687, p: 0.51847, r: 0.44145:  64% 21/33 [00:00<00:00, 36.84docs/s]
dev: | WL:  loss: 0.42996, f1: 0.49175, p: 0.53364, r: 0.45596 | SL:  sa: 0.89965, f1: 0.48245, p: 0.52798, r: 0.44416:  64% 21/33 [00:00<00:00, 36.84docs/s]
dev: | WL:  loss: 0.44702, f1: 0.49599, p: 0.53332, r: 0.46355 | SL:  sa: 0.90220, f1: 0.48699, p: 0.52784, r: 0.45202:  64% 21/33 [00:00<00:00, 36.84docs/s]
dev: | WL:  loss: 0.44702, f1: 0.49599, p: 0.53332, r: 0.46355 | SL:  sa: 0.90220, f1: 0.48699, p: 0.52784, r: 0.45202:  79% 26/33 [00:00<00:00, 39.06docs/s]
dev: | WL:  loss: 0.37467, f1: 0.49850, p: 0.53935, r: 0.46340 | SL:  sa: 0.90590, f1: 0.48881, p: 0.53284, r: 0.45151:  79% 26/33 [00:00<00:00, 39.06docs/s]
dev: | WL:  loss: 0.39263, f1: 0.49877, p: 0.54504, r: 0.45974 | SL:  sa: 0.90705, f1: 0.48922, p: 0.53871, r: 0.44806:  79% 26/33 [00:00<00:00, 39.06docs/s]
dev: | WL:  loss: 0.40040, f1: 0.52715, p: 0.57558, r: 0.48624 | SL:  sa: 0.91308, f1: 0.51535, p: 0.56657, r: 0.47263:  79% 26/33 [00:00<00:00, 39.06docs/s]
dev: | WL:  loss: 0.40573, f1: 0.53203, p: 0.58116, r: 0.49055 | SL:  sa: 0.91395, f1: 0.52038, p: 0.57230, r: 0.47710:  79% 26/33 [00:00<00:00, 39.06docs/s]
dev: | WL:  loss: 0.40573, f1: 0.53203, p: 0.58116, r: 0.49055 | SL:  sa: 0.91395, f1: 0.52038, p: 0.57230, r: 0.47710:  91% 30/33 [00:00<00:00, 31.78docs/s]
dev: | WL:  loss: 0.37231, f1: 0.52243, p: 0.57215, r: 0.48066 | SL:  sa: 0.91759, f1: 0.51947, p: 0.57443, r: 0.47410:  91% 30/33 [00:00<00:00, 31.78docs/s]
dev: | WL:  loss: 0.38196, f1: 0.52450, p: 0.57408, r: 0.48280 | SL:  sa: 0.91818, f1: 0.52167, p: 0.57654, r: 0.47633:  91% 30/33 [00:00<00:00, 31.78docs/s]
dev: | WL:  loss: 0.39193, f1: 0.52309, p: 0.57226, r: 0.48170 | SL:  sa: 0.91803, f1: 0.52163, p: 0.57597, r: 0.47666:  91% 30/33 [00:00<00:00, 31.78docs/s]
dev: | WL:  loss: 0.39193, f1: 0.52309, p: 0.57226, r: 0.48170 | SL:  sa: 0.91803, f1: 0.52163, p: 0.57597, r: 0.47666: 100% 33/33 [00:00<00:00, 34.23docs/s]


  0% 0/260 [00:00<?, ?docs/s]
Epoch 13: nwbokmaal_db~20081107-3656440 c_loss: 0.12491 s_loss: 0.00930:   0% 0/260 [00:00<?, ?docs/s]
Epoch 13: nwbokmaal_db~20081207-3964507 c_loss: 0.17236 s_loss: 0.00972:   0% 0/260 [00:00<?, ?docs/s]
Epoch 13: nwbokmaal_db~20081207-3964507 c_loss: 0.17236 s_loss: 0.00972:   1% 2/260 [00:00<00:13, 18.97docs/s]
Epoch 13: nwbokmaal_ap_20091011-3313722 c_loss: 0.08144 s_loss: 0.01855:   1% 2/260 [00:00<00:13, 18.97docs/s]
Epoch 13: nwbokmaal_ap_20051203-1170828 c_loss: 0.15104 s_loss: 0.02399:   1% 2/260 [00:00<00:13, 18.97docs/s]
Epoch 13: nwbokmaal_ap_20051203-1170828 c_loss: 0.15104 s_loss: 0.02399:   2% 4/260 [00:00<00:13, 18.75docs/s]
Epoch 13: nwbokmaal_ap_20090814-3216319 c_loss: 0.10949 s_loss: 0.01474:   2% 4/260 [00:00<00:13, 18.75docs/s]
Epoch 13: nwbokmaal_dbb~20081003-3436398_b c_loss: 0.15737 s_loss: 0.03026:   2% 4/260 [00:00<00:13, 18.75docs/s]
Epoch 20: nwbokmaal_bloggbm~blogg-bm_002_a c_loss: 0.11165 s_loss: inf:  99% 258/260 [00:17<00:00, 17.19docs/s]
Epoch 20: nwbokmaal_bt~BT-20120912-2763919 c_loss: 0.11232 s_loss: inf:  99% 258/260 [00:17<00:00, 17.19docs/s]
Epoch 20: nwbokmaal_bt~BT-20120912-2763919 c_loss: 0.11232 s_loss: inf: 100% 260/260 [00:17<00:00, 14.82docs/s]
Epoch 20: nwbokmaal_bt~BT-20120912-2763919 c_loss: 0.11232 s_loss: inf: 100% 260/260 [00:17<00:00, 14.75docs/s]

  0% 0/33 [00:00<?, ?docs/s]
dev: | WL:  loss: 0.21642, f1: 0.58556, p: 0.70913, r: 0.49866 | SL:  sa: 0.97967, f1: 0.58171, p: 0.69544, r: 0.49994:   0% 0/33 [00:00<?, ?docs/s]
dev: | WL:  loss: 0.42865, f1: 0.59402, p: 0.71663, r: 0.50724 | SL:  sa: 0.97552, f1: 0.59063, p: 0.70482, r: 0.50828:   0% 0/33 [00:00<?, ?docs/s]
dev: | WL:  loss: 0.72693, f1: 0.59512, p: 0.72346, r: 0.50545 | SL:  sa: 0.97399, f1: 0.58458, p: 0.70822, r: 0.49770:   0% 0/33 [00:00<?, ?docs/s]
dev: | WL:  loss: 0.77659, f1: 0.60493, p: 0.72687, r: 0.51802 | SL:  sa: 0.97465, f1: 0.59459, p: 0.71218, r: 0.51032:   0% 0/33 [00:00<?, ?docs/s]
dev: | WL:  loss: 0.77659, f1: 0.60493, p: 0.72687, r: 0.51802 | SL:  sa: 0.97465, f1: 0.59459, p: 0.71218, r: 0.51032:  12% 4/33 [00:00<00:00, 37.54docs/s]
dev: | WL:  loss: 0.23908, f1: 0.54167, p: 0.68154, r: 0.44944 | SL:  sa: 0.95473, f1: 0.52330, p: 0.65313, r: 0.43652:  12% 4/33 [00:00<00:00, 37.54docs/s]
dev: | WL:  loss: 0.30338, f1: 0.55254, p: 0.68688, r: 0.46216 | SL:  sa: 0.95472, f1: 0.53491, p: 0.65998, r: 0.44969:  12% 4/33 [00:00<00:00, 37.54docs/s]
dev: | WL:  loss: 0.31619, f1: 0.59873, p: 0.71057, r: 0.51731 | SL:  sa: 0.96033, f1: 0.58028, p: 0.68471, r: 0.50348:  12% 4/33 [00:00<00:00, 37.54docs/s]
dev: | WL:  loss: 0.38161, f1: 0.58762, p: 0.71178, r: 0.50034 | SL:  sa: 0.95890, f1: 0.56385, p: 0.67987, r: 0.48165:  12% 4/33 [00:00<00:00, 37.54docs/s]
dev: | WL:  loss: 0.38161, f1: 0.58762, p: 0.71178, r: 0.50034 | SL:  sa: 0.95890, f1: 0.56385, p: 0.67987, r: 0.48165:  24% 8/33 [00:00<00:00, 36.73docs/s]
dev: | WL:  loss: 0.24072, f1: 0.57020, p: 0.67746, r: 0.49225 | SL:  sa: 0.95545, f1: 0.55232, p: 0.66186, r: 0.47389:  24% 8/33 [00:00<00:00, 36.73docs/s]
dev: | WL:  loss: 0.26801, f1: 0.55977, p: 0.66717, r: 0.48215 | SL:  sa: 0.95689, f1: 0.54060, p: 0.64815, r: 0.46367:  24% 8/33 [00:00<00:00, 36.73docs/s]
dev: | WL:  loss: 0.30674, f1: 0.55877, p: 0.66717, r: 0.48068 | SL:  sa: 0.95751, f1: 0.53989, p: 0.64842, r: 0.46248:  24% 8/33 [00:00<00:00, 36.73docs/s]
dev: | WL:  loss: 0.32391, f1: 0.56079, p: 0.66417, r: 0.48526 | SL:  sa: 0.95871, f1: 0.54329, p: 0.64834, r: 0.46753:  24% 8/33 [00:00<00:00, 36.73docs/s]
dev: | WL:  loss: 0.32391, f1: 0.56079, p: 0.66417, r: 0.48526 | SL:  sa: 0.95871, f1: 0.54329, p: 0.64834, r: 0.46753:  36% 12/33 [00:00<00:00, 35.80docs/s]
dev: | WL:  loss: 0.23094, f1: 0.56238, p: 0.66537, r: 0.48700 | SL:  sa: 0.95743, f1: 0.54336, p: 0.64750, r: 0.46807:  36% 12/33 [00:00<00:00, 35.80docs/s]
dev: | WL:  loss: 0.27373, f1: 0.53329, p: 0.58695, r: 0.48862 | SL:  sa: 0.95788, f1: 0.51561, p: 0.57120, r: 0.46988:  36% 12/33 [00:00<00:00, 35.80docs/s]
dev: | WL:  loss: 0.29283, f1: 0.52885, p: 0.58435, r: 0.48297 | SL:  sa: 0.95644, f1: 0.51204, p: 0.56925, r: 0.46528:  36% 12/33 [00:00<00:00, 35.80docs/s]
dev: | WL:  loss: 0.30966, f1: 0.53022, p: 0.59022, r: 0.48130 | SL:  sa: 0.95623, f1: 0.51557, p: 0.57789, r: 0.46538:  36% 12/33 [00:00<00:00, 35.80docs/s]
dev: | WL:  loss: 0.30966, f1: 0.53022, p: 0.59022, r: 0.48130 | SL:  sa: 0.95623, f1: 0.51557, p: 0.57789, r: 0.46538:  48% 16/33 [00:00<00:00, 27.94docs/s]
dev: | WL:  loss: 0.25714, f1: 0.52665, p: 0.59028, r: 0.47540 | SL:  sa: 0.95618, f1: 0.51224, p: 0.57899, r: 0.45929:  48% 16/33 [00:00<00:00, 27.94docs/s]
dev: | WL:  loss: 0.30000, f1: 0.50000, p: 0.56587, r: 0.44786 | SL:  sa: 0.90105, f1: 0.48562, p: 0.55504, r: 0.43163:  48% 16/33 [00:00<00:00, 27.94docs/s]
dev: | WL:  loss: 0.30148, f1: 0.50000, p: 0.56587, r: 0.44786 | SL:  sa: 0.90105, f1: 0.48562, p: 0.55504, r: 0.43163:  48% 16/33 [00:00<00:00, 27.94docs/s]
dev: | WL:  loss: 0.32890, f1: 0.49004, p: 0.55249, r: 0.44027 | SL:  sa: 0.90259, f1: 0.48349, p: 0.54861, r: 0.43219:  48% 16/33 [00:00<00:00, 27.94docs/s]
dev: | WL:  loss: 0.32890, f1: 0.49004, p: 0.55249, r: 0.44027 | SL:  sa: 0.90259, f1: 0.48349, p: 0.54861, r: 0.43219:  61% 20/33 [00:00<00:00, 31.30docs/s]
dev: | WL:  loss: 0.27316, f1: 0.49441, p: 0.55650, r: 0.44479 | SL:  sa: 0.90124, f1: 0.48234, p: 0.54625, r: 0.43182:  61% 20/33 [00:00<00:00, 31.30docs/s]
dev: | WL:  loss: 0.28474, f1: 0.49476, p: 0.55933, r: 0.44357 | SL:  sa: 0.90206, f1: 0.48247, p: 0.54892, r: 0.43037:  61% 20/33 [00:00<00:00, 31.30docs/s]
dev: | WL:  loss: 0.28627, f1: 0.49510, p: 0.55996, r: 0.44371 | SL:  sa: 0.90231, f1: 0.48283, p: 0.54956, r: 0.43055:  61% 20/33 [00:00<00:00, 31.30docs/s]
dev: | WL:  loss: 0.30850, f1: 0.47835, p: 0.54937, r: 0.42359 | SL:  sa: 0.90138, f1: 0.46866, p: 0.54231, r: 0.41263:  61% 20/33 [00:00<00:00, 31.30docs/s]
dev: | WL:  loss: 0.31436, f1: 0.48320, p: 0.55625, r: 0.42711 | SL:  sa: 0.90198, f1: 0.47433, p: 0.55074, r: 0.41653:  61% 20/33 [00:00<00:00, 31.30docs/s]
dev: | WL:  loss: 0.31436, f1: 0.48320, p: 0.55625, r: 0.42711 | SL:  sa: 0.90198, f1: 0.47433, p: 0.55074, r: 0.41653:  76% 25/33 [00:00<00:00, 34.57docs/s]
dev: | WL:  loss: 0.26485, f1: 0.48682, p: 0.55499, r: 0.43357 | SL:  sa: 0.90447, f1: 0.47824, p: 0.54966, r: 0.42324:  76% 25/33 [00:00<00:00, 34.57docs/s]
dev: | WL:  loss: 0.27200, f1: 0.49442, p: 0.56366, r: 0.44033 | SL:  sa: 0.90860, f1: 0.48615, p: 0.55854, r: 0.43037:  76% 25/33 [00:00<00:00, 34.57docs/s]
dev: | WL:  loss: 0.28448, f1: 0.49701, p: 0.57262, r: 0.43904 | SL:  sa: 0.91018, f1: 0.48881, p: 0.56763, r: 0.42922:  76% 25/33 [00:00<00:00, 34.57docs/s]
dev: | WL:  loss: 0.29108, f1: 0.52563, p: 0.60319, r: 0.46575 | SL:  sa: 0.91592, f1: 0.51504, p: 0.59537, r: 0.45381:  76% 25/33 [00:00<00:00, 34.57docs/s]
dev: | WL:  loss: 0.29108, f1: 0.52563, p: 0.60319, r: 0.46575 | SL:  sa: 0.91592, f1: 0.51504, p: 0.59537, r: 0.45381:  88% 29/33 [00:00<00:00, 33.57docs/s]
dev: | WL:  loss: 0.25609, f1: 0.53054, p: 0.60836, r: 0.47037 | SL:  sa: 0.91721, f1: 0.52008, p: 0.60066, r: 0.45857:  88% 29/33 [00:00<00:00, 33.57docs/s]
dev: | WL:  loss: 0.26868, f1: 0.52552, p: 0.59920, r: 0.46797 | SL:  sa: 0.92056, f1: 0.52528, p: 0.60530, r: 0.46394:  88% 29/33 [00:00<00:00, 33.57docs/s]
dev: | WL:  loss: 0.27591, f1: 0.52713, p: 0.60001, r: 0.47004 | SL:  sa: 0.92107, f1: 0.52707, p: 0.60651, r: 0.46603:  88% 29/33 [00:00<00:00, 33.57docs/s]
dev: | WL:  loss: 0.28335, f1: 0.52590, p: 0.59842, r: 0.46905 | SL:  sa: 0.92131, f1: 0.52724, p: 0.60626, r: 0.46645:  88% 29/33 [00:00<00:00, 33.57docs/s]
dev: | WL:  loss: 0.28335, f1: 0.52590, p: 0.59842, r: 0.46905 | SL:  sa: 0.92131, f1: 0.52724, p: 0.60626, r: 0.46645: 100% 33/33 [00:00<00:00, 34.78docs/s]
dev: | WL:  loss: 0.28335, f1: 0.52590, p: 0.59842, r: 0.46905 | SL:  sa: 0.92131, f1: 0.52724, p: 0.60626, r: 0.46645: 100% 33/33 [00:00<00:00, 33.75docs/s]

Total running time: 0:06:08
Starting experiment LARGE_001
Loading xlm-roberta-base...
Bert successfully loaded.
Tokenizing documents at /fp/homes01/u01/ec-egilron/narc-baseline/data/wl-formatted_heads/narc_train_head.jsonl...
Tokenization OK

  0% 0/260 [00:00<?, ?docs/s]
Epoch 1: nwbokmaal_db~20081207-3959721 c_loss: 25.16320 s_loss: 0.49611:   0% 0/260 [00:02<?, ?docs/s]
Epoch 1: nwbokmaal_db~20081207-3959721 c_loss: 25.16320 s_loss: 0.49611:   0% 1/260 [00:02<09:19,  2.16s/docs]
Epoch 1: nwbokmaal_bt~BT-20120820-2752121 c_loss: 25.29261 s_loss: 2.07103:   0% 1/260 [00:02<09:19,  2.16s/docs]
Epoch 1: nwbokmaal_bt~BT-20120820-2752121 c_loss: 25.29261 s_loss: 2.07103:   1% 2/260 [00:02<04:26,  1.03s/docs]
Epoch 1: nwbokmaal_bt~BT-20121108-2793414 c_loss: 23.39862 s_loss: 2.00081:   1% 2/260 [00:02<04:26,  1.03s/docs]
Epoch 19: nwbokmaal_ap~20090207-2908736 c_loss: 0.09545 s_loss: inf:  99% 258/260 [00:19<00:00, 13.44docs/s]
Epoch 19: nwbokmaal_nou~nou_002_b    c_loss: 0.09590 s_loss: inf:  99% 258/260 [00:19<00:00, 13.44docs/s]   
Epoch 19: nwbokmaal_nou~nou_002_b    c_loss: 0.09590 s_loss: inf: 100% 260/260 [00:19<00:00, 11.76docs/s]
Epoch 19: nwbokmaal_nou~nou_002_b    c_loss: 0.09590 s_loss: inf: 100% 260/260 [00:19<00:00, 13.09docs/s]

Epoch 20: nwbokmaal_bt~BT-20120912-2763919 c_loss: 0.09265 s_loss: inf:  99% 258/260 [00:19<00:00, 15.37docs/s]
Epoch 20: nwbokmaal_bt~BT-20120912-2763919 c_loss: 0.09265 s_loss: inf: 100% 260/260 [00:19<00:00, 13.03docs/s]
Epoch 20: nwbokmaal_bt~BT-20120912-2763919 c_loss: 0.09265 s_loss: inf: 100% 260/260 [00:19<00:00, 13.10docs/s]

  0% 0/33 [00:00<?, ?docs/s]
dev: | WL:  loss: 0.19438, f1: 0.51876, p: 0.54815, r: 0.49237 | SL:  sa: 0.98374, f1: 0.51024, p: 0.53956, r: 0.48394:   0% 0/33 [00:00<?, ?docs/s]
dev: | WL:  loss: 0.34512, f1: 0.52275, p: 0.54277, r: 0.50416 | SL:  sa: 0.98252, f1: 0.51542, p: 0.53547, r: 0.49682:   0% 0/33 [00:00<?, ?docs/s]
dev: | WL:  loss: 0.50033, f1: 0.53320, p: 0.56764, r: 0.50270 | SL:  sa: 0.97688, f1: 0.52411, p: 0.56150, r: 0.49140:   0% 0/33 [00:00<?, ?docs/s]
dev: | WL:  loss: 0.52005, f1: 0.54543, p: 0.57925, r: 0.51534 | SL:  sa: 0.97746, f1: 0.53652, p: 0.57328, r: 0.50418:   0% 0/33 [00:00<?, ?docs/s]
dev: | WL:  loss: 0.52005, f1: 0.54543, p: 0.57925, r: 0.51534 | SL:  sa: 0.97746, f1: 0.53652, p: 0.57328, r: 0.50418:  12% 4/33 [00:00<00:00, 35.21docs/s]
dev: | WL:  loss: 0.15595, f1: 0.54252, p: 0.57242, r: 0.51559 | SL:  sa: 0.96296, f1: 0.53045, p: 0.56066, r: 0.50334:  12% 4/33 [00:00<00:00, 35.21docs/s]
dev: | WL:  loss: 0.17511, f1: 0.55161, p: 0.57973, r: 0.52609 | SL:  sa: 0.96260, f1: 0.54231, p: 0.57274, r: 0.51494:  12% 4/33 [00:00<00:00, 35.21docs/s]
dev: | WL:  loss: 0.18829, f1: 0.59113, p: 0.60479, r: 0.57807 | SL:  sa: 0.96860, f1: 0.58329, p: 0.59903, r: 0.56836:  12% 4/33 [00:00<00:00, 35.21docs/s]
dev: | WL:  loss: 0.22450, f1: 0.58572, p: 0.60285, r: 0.56954 | SL:  sa: 0.96499, f1: 0.57254, p: 0.59171, r: 0.55458:  12% 4/33 [00:00<00:00, 35.21docs/s]
dev: | WL:  loss: 0.22450, f1: 0.58572, p: 0.60285, r: 0.56954 | SL:  sa: 0.96499, f1: 0.57254, p: 0.59171, r: 0.55458:  24% 8/33 [00:00<00:00, 35.09docs/s]
dev: | WL:  loss: 0.14326, f1: 0.58151, p: 0.59646, r: 0.56728 | SL:  sa: 0.95662, f1: 0.57579, p: 0.59923, r: 0.55411:  24% 8/33 [00:00<00:00, 35.09docs/s]
dev: | WL:  loss: 0.16356, f1: 0.59090, p: 0.61357, r: 0.56985 | SL:  sa: 0.95794, f1: 0.58171, p: 0.61171, r: 0.55452:  24% 8/33 [00:00<00:00, 35.09docs/s]
dev: | WL:  loss: 0.17449, f1: 0.59273, p: 0.61508, r: 0.57195 | SL:  sa: 0.95855, f1: 0.58465, p: 0.61540, r: 0.55682:  24% 8/33 [00:00<00:00, 35.09docs/s]
dev: | WL:  loss: 0.18647, f1: 0.59448, p: 0.61421, r: 0.57598 | SL:  sa: 0.95972, f1: 0.58667, p: 0.61452, r: 0.56124:  24% 8/33 [00:00<00:00, 35.09docs/s]
dev: | WL:  loss: 0.18647, f1: 0.59448, p: 0.61421, r: 0.57598 | SL:  sa: 0.95972, f1: 0.58667, p: 0.61452, r: 0.56124:  36% 12/33 [00:00<00:00, 34.12docs/s]
dev: | WL:  loss: 0.13578, f1: 0.59639, p: 0.61467, r: 0.57916 | SL:  sa: 0.95842, f1: 0.58826, p: 0.61395, r: 0.56464:  36% 12/33 [00:00<00:00, 34.12docs/s]
dev: | WL:  loss: 0.17433, f1: 0.56322, p: 0.54583, r: 0.58174 | SL:  sa: 0.95886, f1: 0.55605, p: 0.54519, r: 0.56736:  36% 12/33 [00:00<00:00, 34.12docs/s]
dev: | WL:  loss: 0.18676, f1: 0.56391, p: 0.54737, r: 0.58149 | SL:  sa: 0.95737, f1: 0.55377, p: 0.54373, r: 0.56419:  36% 12/33 [00:00<00:00, 34.12docs/s]
dev: | WL:  loss: 0.19835, f1: 0.56441, p: 0.55175, r: 0.57766 | SL:  sa: 0.95455, f1: 0.55275, p: 0.54626, r: 0.55939:  36% 12/33 [00:00<00:00, 34.12docs/s]
dev: | WL:  loss: 0.19835, f1: 0.56441, p: 0.55175, r: 0.57766 | SL:  sa: 0.95455, f1: 0.55275, p: 0.54626, r: 0.55939:  48% 16/33 [00:00<00:00, 28.06docs/s]
dev: | WL:  loss: 0.16366, f1: 0.56361, p: 0.55890, r: 0.56839 | SL:  sa: 0.94980, f1: 0.55391, p: 0.55652, r: 0.55132:  48% 16/33 [00:00<00:00, 28.06docs/s]
dev: | WL:  loss: 0.18501, f1: 0.53445, p: 0.53344, r: 0.53546 | SL:  sa: 0.89505, f1: 0.52456, p: 0.53117, r: 0.51812:  48% 16/33 [00:00<00:00, 28.06docs/s]
dev: | WL:  loss: 0.18741, f1: 0.53445, p: 0.53344, r: 0.53546 | SL:  sa: 0.89505, f1: 0.52456, p: 0.53117, r: 0.51812:  48% 16/33 [00:00<00:00, 28.06docs/s]
dev: | WL:  loss: 0.20545, f1: 0.52363, p: 0.52286, r: 0.52440 | SL:  sa: 0.89646, f1: 0.52328, p: 0.52877, r: 0.51789:  48% 16/33 [00:00<00:00, 28.06docs/s]
dev: | WL:  loss: 0.20545, f1: 0.52363, p: 0.52286, r: 0.52440 | SL:  sa: 0.89646, f1: 0.52328, p: 0.52877, r: 0.51789:  61% 20/33 [00:00<00:00, 31.08docs/s]
dev: | WL:  loss: 0.17273, f1: 0.52330, p: 0.52487, r: 0.52173 | SL:  sa: 0.89470, f1: 0.51813, p: 0.52470, r: 0.51172:  61% 20/33 [00:00<00:00, 31.08docs/s]
dev: | WL:  loss: 0.17830, f1: 0.52432, p: 0.52628, r: 0.52238 | SL:  sa: 0.89562, f1: 0.51881, p: 0.52594, r: 0.51187:  61% 20/33 [00:00<00:00, 31.08docs/s]
dev: | WL:  loss: 0.17893, f1: 0.52554, p: 0.52749, r: 0.52361 | SL:  sa: 0.89589, f1: 0.52003, p: 0.52714, r: 0.51311:  61% 20/33 [00:00<00:00, 31.08docs/s]
dev: | WL:  loss: 0.19575, f1: 0.50789, p: 0.51429, r: 0.50164 | SL:  sa: 0.89477, f1: 0.50724, p: 0.52139, r: 0.49383:  61% 20/33 [00:00<00:00, 31.08docs/s]
dev: | WL:  loss: 0.19575, f1: 0.50789, p: 0.51429, r: 0.50164 | SL:  sa: 0.89477, f1: 0.50724, p: 0.52139, r: 0.49383:  73% 24/33 [00:00<00:00, 33.11docs/s]
dev: | WL:  loss: 0.16875, f1: 0.51264, p: 0.52085, r: 0.50469 | SL:  sa: 0.89615, f1: 0.51150, p: 0.52717, r: 0.49673:  73% 24/33 [00:00<00:00, 33.11docs/s]
dev: | WL:  loss: 0.17748, f1: 0.51516, p: 0.51713, r: 0.51319 | SL:  sa: 0.89881, f1: 0.51446, p: 0.52387, r: 0.50538:  73% 24/33 [00:00<00:00, 33.11docs/s]
dev: | WL:  loss: 0.18130, f1: 0.52216, p: 0.52791, r: 0.51653 | SL:  sa: 0.90211, f1: 0.52059, p: 0.53329, r: 0.50848:  73% 24/33 [00:00<00:00, 33.11docs/s]
dev: | WL:  loss: 0.18901, f1: 0.52439, p: 0.53377, r: 0.51533 | SL:  sa: 0.90444, f1: 0.52267, p: 0.53901, r: 0.50730:  73% 24/33 [00:00<00:00, 33.11docs/s]
dev: | WL:  loss: 0.19313, f1: 0.55063, p: 0.55765, r: 0.54378 | SL:  sa: 0.91167, f1: 0.54809, p: 0.56151, r: 0.53530:  73% 24/33 [00:00<00:00, 33.11docs/s]
dev: | WL:  loss: 0.19313, f1: 0.55063, p: 0.55765, r: 0.54378 | SL:  sa: 0.91167, f1: 0.54809, p: 0.56151, r: 0.53530:  88% 29/33 [00:00<00:00, 32.44docs/s]
dev: | WL:  loss: 0.16309, f1: 0.55419, p: 0.56139, r: 0.54717 | SL:  sa: 0.91256, f1: 0.55167, p: 0.56520, r: 0.53878:  88% 29/33 [00:00<00:00, 32.44docs/s]
dev: | WL:  loss: 0.17205, f1: 0.55465, p: 0.55608, r: 0.55322 | SL:  sa: 0.91589, f1: 0.55806, p: 0.56783, r: 0.54862:  88% 29/33 [00:00<00:00, 32.44docs/s]
dev: | WL:  loss: 0.17611, f1: 0.55790, p: 0.55800, r: 0.55780 | SL:  sa: 0.91736, f1: 0.56043, p: 0.56896, r: 0.55216:  88% 29/33 [00:00<00:00, 32.44docs/s]
dev: | WL:  loss: 0.18218, f1: 0.55516, p: 0.55491, r: 0.55541 | SL:  sa: 0.91803, f1: 0.55916, p: 0.56750, r: 0.55106:  88% 29/33 [00:01<00:00, 32.44docs/s]
dev: | WL:  loss: 0.18218, f1: 0.55516, p: 0.55491, r: 0.55541 | SL:  sa: 0.91803, f1: 0.55916, p: 0.56750, r: 0.55106: 100% 33/33 [00:01<00:00, 33.20docs/s]
dev: | WL:  loss: 0.18218, f1: 0.55516, p: 0.55491, r: 0.55541 | SL:  sa: 0.91803, f1: 0.55916, p: 0.56750, r: 0.55106: 100% 33/33 [00:01<00:00, 32.57docs/s]

Total running time: 0:06:47
Starting experiment LARGE_002
Loading xlm-roberta-large...

Downloading:   0%|          | 0.00/513 [00:00<?, ?B/s]
Downloading: 100%|██████████| 513/513 [00:00<00:00, 992kB/s]

Downloading:   0%|          | 0.00/5.07M [00:00<?, ?B/s]
Downloading:   0%|          | 18.4k/5.07M [00:00<00:30, 167kB/s]
Downloading:   1%|          | 53.2k/5.07M [00:00<00:19, 253kB/s]
Downloading:   2%|▏         | 123k/5.07M [00:00<00:11, 424kB/s] 
Downloading:   6%|▌         | 297k/5.07M [00:00<00:05, 875kB/s]
Downloading:  12%|█▏        | 610k/5.07M [00:00<00:02, 1.58MB/s]
Downloading:  25%|██▍       | 1.25M/5.07M [00:00<00:01, 3.01MB/s]
Downloading:  50%|████▉     | 2.53M/5.07M [00:00<00:00, 5.77MB/s]
Downloading: 100%|██████████| 5.07M/5.07M [00:00<00:00, 6.29MB/s]

Downloading:   0%|          | 0.00/2.24G [00:00<?, ?B/s]
Downloading:   0%|          | 5.59M/2.24G [00:00<00:40, 55.9MB/s]
Downloading:   1%|          | 12.7M/2.24G [00:00<00:34, 64.8MB/s]
Downloading:   1%|          | 21.0M/2.24G [00:00<00:30, 72.9MB/s]
Downloading:   1%|▏         | 28.4M/2.24G [00:00<00:30, 73.5MB/s]
Downloading:   2%|▏         | 37.1M/2.24G [00:00<00:28, 78.5MB/s]
Downloading:   2%|▏         | 46.4M/2.24G [00:00<00:26, 83.2MB/s]
Downloading:   2%|▏         | 55.3M/2.24G [00:00<00:25, 85.3MB/s]
Downloading:   3%|▎         | 64.7M/2.24G [00:00<00:24, 88.1MB/s]
Downloading:   3%|▎         | 73.5M/2.24G [00:00<00:24, 87.7MB/s]
Downloading:   4%|▎         | 82.9M/2.24G [00:01<00:24, 89.6MB/s]
Downloading:   4%|▍         | 91.9M/2.24G [00:01<00:23, 89.8MB/s]
Downloading:   4%|▍         | 101M/2.24G [00:01<00:28, 74.5MB/s] 
Downloading:   5%|▍         | 110M/2.24G [00:01<00:27, 78.9MB/s]
Downloading:   5%|▌         | 119M/2.24G [00:01<00:25, 81.9MB/s]
Downloading:   6%|▌         | 128M/2.24G [00:01<00:24, 84.8MB/s]
Downloading:   6%|▌         | 137M/2.24G [00:01<00:24, 86.1MB/s]
Downloading:   7%|▋         | 146M/2.24G [00:01<00:23, 88.1MB/s]
Downloading:   7%|▋         | 155M/2.24G [00:01<00:23, 88.6MB/s]
Downloading:   7%|▋         | 165M/2.24G [00:01<00:23, 89.9MB/s]
Downloading:   8%|▊         | 174M/2.24G [00:02<00:23, 89.3MB/s]
Downloading:   8%|▊         | 183M/2.24G [00:02<00:22, 90.3MB/s]
Downloading:   9%|▊         | 192M/2.24G [00:02<00:22, 90.1MB/s]
Downloading:   9%|▉         | 201M/2.24G [00:02<00:25, 79.5MB/s]
Downloading:   9%|▉         | 209M/2.24G [00:02<00:26, 76.4MB/s]
Downloading:  10%|▉         | 217M/2.24G [00:02<00:28, 70.0MB/s]
Downloading:  10%|█         | 226M/2.24G [00:02<00:26, 74.8MB/s]
Downloading:  10%|█         | 235M/2.24G [00:02<00:25, 78.8MB/s]
Downloading:  11%|█         | 244M/2.24G [00:02<00:24, 82.9MB/s]
Downloading:  11%|█▏        | 253M/2.24G [00:03<00:23, 84.9MB/s]
Downloading:  12%|█▏        | 262M/2.24G [00:03<00:22, 86.8MB/s]
Downloading:  12%|█▏        | 271M/2.24G [00:03<00:22, 87.8MB/s]
Downloading:  13%|█▎        | 281M/2.24G [00:03<00:21, 89.5MB/s]
Downloading:  13%|█▎        | 290M/2.24G [00:03<00:21, 89.3MB/s]
Downloading:  13%|█▎        | 299M/2.24G [00:03<00:21, 90.4MB/s]
Downloading:  14%|█▎        | 308M/2.24G [00:03<00:21, 90.0MB/s]
Downloading:  14%|█▍        | 317M/2.24G [00:03<00:29, 65.7MB/s]
Downloading:  14%|█▍        | 325M/2.24G [00:04<00:33, 56.7MB/s]
Downloading:  15%|█▍        | 334M/2.24G [00:04<00:29, 64.4MB/s]
Downloading:  15%|█▌        | 343M/2.24G [00:04<00:27, 70.4MB/s]
Downloading:  16%|█▌        | 352M/2.24G [00:04<00:24, 76.1MB/s]
Downloading:  16%|█▌        | 361M/2.24G [00:04<00:23, 80.1MB/s]
Downloading:  16%|█▋        | 370M/2.24G [00:04<00:22, 82.6MB/s]
Downloading:  17%|█▋        | 380M/2.24G [00:04<00:21, 85.7MB/s]
Downloading:  17%|█▋        | 388M/2.24G [00:04<00:21, 86.6MB/s]
Downloading:  18%|█▊        | 398M/2.24G [00:04<00:20, 88.3MB/s]
Downloading:  18%|█▊        | 407M/2.24G [00:04<00:20, 88.4MB/s]
Downloading:  19%|█▊        | 416M/2.24G [00:05<00:20, 89.9MB/s]
Downloading:  19%|█▉        | 425M/2.24G [00:05<00:22, 79.7MB/s]
Downloading:  19%|█▉        | 433M/2.24G [00:05<00:23, 75.8MB/s]
Downloading:  20%|█▉        | 442M/2.24G [00:05<00:22, 79.4MB/s]
Downloading:  20%|██        | 451M/2.24G [00:05<00:21, 83.0MB/s]
Downloading:  21%|██        | 460M/2.24G [00:05<00:21, 84.7MB/s]
Downloading:  21%|██        | 470M/2.24G [00:05<00:20, 87.0MB/s]
Downloading:  21%|██▏       | 479M/2.24G [00:05<00:20, 87.9MB/s]
Downloading:  22%|██▏       | 488M/2.24G [00:05<00:19, 88.2MB/s]
Downloading:  22%|██▏       | 497M/2.24G [00:06<00:19, 89.5MB/s]
Downloading:  23%|██▎       | 506M/2.24G [00:06<00:19, 89.5MB/s]
Downloading:  23%|██▎       | 515M/2.24G [00:06<00:19, 90.2MB/s]
Downloading:  23%|██▎       | 524M/2.24G [00:06<00:19, 90.0MB/s]
Downloading:  24%|██▎       | 533M/2.24G [00:06<00:22, 77.7MB/s]
Downloading:  24%|██▍       | 541M/2.24G [00:06<00:24, 69.5MB/s]
Downloading:  25%|██▍       | 550M/2.24G [00:06<00:22, 75.3MB/s]
Downloading:  25%|██▍       | 559M/2.24G [00:06<00:21, 78.9MB/s]
Downloading:  25%|██▌       | 568M/2.24G [00:06<00:20, 82.5MB/s]
Downloading:  26%|██▌       | 577M/2.24G [00:07<00:19, 84.6MB/s]
Downloading:  26%|██▌       | 587M/2.24G [00:07<00:19, 87.2MB/s]
Downloading:  27%|██▋       | 596M/2.24G [00:07<00:18, 87.8MB/s]
Downloading:  27%|██▋       | 605M/2.24G [00:07<00:18, 88.2MB/s]
Downloading:  27%|██▋       | 614M/2.24G [00:07<00:18, 89.7MB/s]
Downloading:  28%|██▊       | 623M/2.24G [00:07<00:18, 89.5MB/s]
Downloading:  28%|██▊       | 632M/2.24G [00:07<00:17, 90.5MB/s]
Downloading:  29%|██▊       | 641M/2.24G [00:07<00:17, 90.2MB/s]
Downloading:  29%|██▉       | 650M/2.24G [00:07<00:25, 63.6MB/s]
Downloading:  29%|██▉       | 658M/2.24G [00:08<00:24, 65.6MB/s]
Downloading:  30%|██▉       | 667M/2.24G [00:08<00:21, 72.1MB/s]
Downloading:  30%|███       | 676M/2.24G [00:08<00:20, 76.6MB/s]
Downloading:  31%|███       | 685M/2.24G [00:08<00:19, 80.9MB/s]
Downloading:  31%|███       | 694M/2.24G [00:08<00:18, 83.0MB/s]
Downloading:  31%|███▏      | 703M/2.24G [00:08<00:18, 85.5MB/s]
Downloading:  32%|███▏      | 712M/2.24G [00:08<00:17, 86.5MB/s]
Downloading:  32%|███▏      | 721M/2.24G [00:08<00:17, 88.3MB/s]
Downloading:  33%|███▎      | 730M/2.24G [00:08<00:17, 88.6MB/s]
Downloading:  33%|███▎      | 739M/2.24G [00:09<00:17, 88.4MB/s]
Downloading:  33%|███▎      | 749M/2.24G [00:09<00:16, 89.8MB/s]
Downloading:  34%|███▎      | 758M/2.24G [00:09<00:20, 72.2MB/s]
Downloading:  34%|███▍      | 765M/2.24G [00:09<00:28, 52.2MB/s]
Downloading:  34%|███▍      | 774M/2.24G [00:09<00:24, 59.7MB/s]
Downloading:  35%|███▍      | 784M/2.24G [00:09<00:21, 67.1MB/s]
Downloading:  35%|███▌      | 792M/2.24G [00:09<00:20, 72.3MB/s]
Downloading:  36%|███▌      | 802M/2.24G [00:09<00:18, 77.3MB/s]
Downloading:  36%|███▌      | 810M/2.24G [00:10<00:17, 80.4MB/s]
Downloading:  37%|███▋      | 820M/2.24G [00:10<00:17, 83.7MB/s]
Downloading:  37%|███▋      | 828M/2.24G [00:10<00:16, 85.0MB/s]
Downloading:  37%|███▋      | 838M/2.24G [00:10<00:16, 87.0MB/s]
Downloading:  38%|███▊      | 847M/2.24G [00:10<00:16, 86.3MB/s]
Downloading:  38%|███▊      | 855M/2.24G [00:10<00:16, 84.8MB/s]
Downloading:  38%|███▊      | 864M/2.24G [00:10<00:17, 78.5MB/s]
Downloading:  39%|███▉      | 872M/2.24G [00:10<00:17, 79.2MB/s]
Downloading:  39%|███▉      | 881M/2.24G [00:10<00:16, 82.1MB/s]
Downloading:  40%|███▉      | 890M/2.24G [00:10<00:16, 84.0MB/s]
Downloading:  40%|████      | 899M/2.24G [00:11<00:15, 86.5MB/s]
Downloading:  40%|████      | 908M/2.24G [00:11<00:15, 87.0MB/s]
Downloading:  41%|████      | 917M/2.24G [00:11<00:14, 88.9MB/s]
Downloading:  41%|████▏     | 926M/2.24G [00:11<00:14, 88.5MB/s]
Downloading:  42%|████▏     | 935M/2.24G [00:11<00:14, 90.0MB/s]
Downloading:  42%|████▏     | 944M/2.24G [00:11<00:14, 90.0MB/s]
Downloading:  42%|████▏     | 954M/2.24G [00:11<00:14, 91.1MB/s]
Downloading:  43%|████▎     | 963M/2.24G [00:11<00:14, 90.4MB/s]
Downloading:  43%|████▎     | 972M/2.24G [00:11<00:17, 74.2MB/s]
Downloading:  44%|████▎     | 980M/2.24G [00:12<00:16, 75.3MB/s]
Downloading:  44%|████▍     | 989M/2.24G [00:12<00:15, 80.1MB/s]
Downloading:  44%|████▍     | 998M/2.24G [00:12<00:15, 82.8MB/s]
Downloading:  45%|████▍     | 1.01G/2.24G [00:12<00:14, 84.5MB/s]
Downloading:  45%|████▌     | 1.02G/2.24G [00:12<00:14, 87.1MB/s]
Downloading:  46%|████▌     | 1.03G/2.24G [00:12<00:13, 87.5MB/s]
Downloading:  46%|████▌     | 1.03G/2.24G [00:12<00:13, 89.0MB/s]
Downloading:  46%|████▋     | 1.04G/2.24G [00:12<00:13, 88.9MB/s]
Downloading:  47%|████▋     | 1.05G/2.24G [00:12<00:13, 89.9MB/s]
Downloading:  47%|████▋     | 1.06G/2.24G [00:12<00:13, 88.9MB/s]
Downloading:  48%|████▊     | 1.07G/2.24G [00:13<00:13, 90.0MB/s]
Downloading:  48%|████▊     | 1.08G/2.24G [00:13<00:20, 57.5MB/s]
Downloading:  49%|████▊     | 1.09G/2.24G [00:13<00:17, 64.8MB/s]
Downloading:  49%|████▉     | 1.10G/2.24G [00:13<00:16, 70.6MB/s]
Downloading:  49%|████▉     | 1.11G/2.24G [00:13<00:15, 75.6MB/s]
Downloading:  50%|████▉     | 1.12G/2.24G [00:13<00:14, 80.3MB/s]
Downloading:  50%|█████     | 1.13G/2.24G [00:13<00:13, 82.8MB/s]
Downloading:  51%|█████     | 1.13G/2.24G [00:13<00:12, 85.4MB/s]
Downloading:  51%|█████     | 1.14G/2.24G [00:14<00:12, 86.4MB/s]
Downloading:  51%|█████▏    | 1.15G/2.24G [00:14<00:12, 88.2MB/s]
Downloading:  52%|█████▏    | 1.16G/2.24G [00:14<00:12, 88.6MB/s]
Downloading:  52%|█████▏    | 1.17G/2.24G [00:14<00:11, 89.9MB/s]
Downloading:  53%|█████▎    | 1.18G/2.24G [00:14<00:11, 89.8MB/s]
Downloading:  53%|█████▎    | 1.19G/2.24G [00:14<00:14, 73.7MB/s]
Downloading:  53%|█████▎    | 1.20G/2.24G [00:14<00:16, 64.8MB/s]
Downloading:  54%|█████▎    | 1.21G/2.24G [00:14<00:14, 71.5MB/s]
Downloading:  54%|█████▍    | 1.22G/2.24G [00:15<00:13, 76.3MB/s]
Downloading:  55%|█████▍    | 1.22G/2.24G [00:15<00:12, 79.8MB/s]
Downloading:  55%|█████▍    | 1.23G/2.24G [00:15<00:12, 80.4MB/s]
Downloading:  55%|█████▌    | 1.24G/2.24G [00:15<00:12, 81.5MB/s]
Downloading:  56%|█████▌    | 1.25G/2.24G [00:15<00:11, 85.1MB/s]
Downloading:  56%|█████▌    | 1.26G/2.24G [00:15<00:11, 86.7MB/s]
Downloading:  57%|█████▋    | 1.27G/2.24G [00:15<00:10, 88.8MB/s]
Downloading:  57%|█████▋    | 1.28G/2.24G [00:15<00:10, 89.4MB/s]
Downloading:  57%|█████▋    | 1.29G/2.24G [00:15<00:10, 90.6MB/s]
Downloading:  58%|█████▊    | 1.30G/2.24G [00:15<00:10, 90.4MB/s]
Downloading:  58%|█████▊    | 1.31G/2.24G [00:16<00:12, 72.6MB/s]
Downloading:  59%|█████▊    | 1.31G/2.24G [00:16<00:14, 65.1MB/s]
Downloading:  59%|█████▉    | 1.32G/2.24G [00:16<00:12, 71.8MB/s]
Downloading:  59%|█████▉    | 1.33G/2.24G [00:16<00:12, 75.7MB/s]
Downloading:  60%|█████▉    | 1.34G/2.24G [00:16<00:11, 80.4MB/s]
Downloading:  60%|██████    | 1.35G/2.24G [00:16<00:10, 83.1MB/s]
Downloading:  61%|██████    | 1.36G/2.24G [00:16<00:10, 84.9MB/s]
Downloading:  61%|██████    | 1.37G/2.24G [00:16<00:10, 87.1MB/s]
Downloading:  61%|██████▏   | 1.38G/2.24G [00:16<00:09, 87.8MB/s]
Downloading:  62%|██████▏   | 1.39G/2.24G [00:17<00:09, 88.8MB/s]
Downloading:  62%|██████▏   | 1.40G/2.24G [00:17<00:09, 88.9MB/s]
Downloading:  63%|██████▎   | 1.40G/2.24G [00:17<00:09, 90.0MB/s]
Downloading:  63%|██████▎   | 1.41G/2.24G [00:17<00:15, 52.9MB/s]
Downloading:  63%|██████▎   | 1.42G/2.24G [00:17<00:13, 60.8MB/s]
Downloading:  64%|██████▍   | 1.43G/2.24G [00:17<00:12, 67.3MB/s]
Downloading:  64%|██████▍   | 1.44G/2.24G [00:17<00:10, 73.6MB/s]
Downloading:  65%|██████▍   | 1.45G/2.24G [00:17<00:10, 78.0MB/s]
Downloading:  65%|██████▌   | 1.46G/2.24G [00:18<00:09, 81.6MB/s]
Downloading:  65%|██████▌   | 1.47G/2.24G [00:18<00:09, 84.9MB/s]
Downloading:  66%|██████▌   | 1.48G/2.24G [00:18<00:08, 86.4MB/s]
Downloading:  66%|██████▋   | 1.49G/2.24G [00:18<00:08, 88.6MB/s]
Downloading:  67%|██████▋   | 1.50G/2.24G [00:18<00:08, 89.2MB/s]
Downloading:  67%|██████▋   | 1.51G/2.24G [00:18<00:08, 90.5MB/s]
Downloading:  67%|██████▋   | 1.52G/2.24G [00:18<00:08, 90.7MB/s]
Downloading:  68%|██████▊   | 1.52G/2.24G [00:18<00:07, 91.5MB/s]
Downloading:  68%|██████▊   | 1.53G/2.24G [00:18<00:07, 91.4MB/s]
Downloading:  69%|██████▊   | 1.54G/2.24G [00:18<00:07, 92.3MB/s]
Downloading:  69%|██████▉   | 1.55G/2.24G [00:19<00:07, 92.1MB/s]
Downloading:  70%|██████▉   | 1.56G/2.24G [00:19<00:09, 71.6MB/s]
Downloading:  70%|██████▉   | 1.57G/2.24G [00:19<00:10, 63.9MB/s]
Downloading:  70%|███████   | 1.58G/2.24G [00:19<00:09, 70.0MB/s]
Downloading:  71%|███████   | 1.59G/2.24G [00:19<00:08, 75.7MB/s]
Downloading:  71%|███████   | 1.60G/2.24G [00:19<00:08, 79.4MB/s]
Downloading:  72%|███████▏  | 1.61G/2.24G [00:19<00:07, 83.3MB/s]
Downloading:  72%|███████▏  | 1.61G/2.24G [00:19<00:07, 85.1MB/s]
Downloading:  72%|███████▏  | 1.62G/2.24G [00:20<00:07, 87.4MB/s]
Downloading:  73%|███████▎  | 1.63G/2.24G [00:20<00:06, 87.5MB/s]
Downloading:  73%|███████▎  | 1.64G/2.24G [00:20<00:06, 89.2MB/s]
Downloading:  74%|███████▎  | 1.65G/2.24G [00:20<00:06, 89.6MB/s]
Downloading:  74%|███████▍  | 1.66G/2.24G [00:20<00:06, 90.7MB/s]
Downloading:  74%|███████▍  | 1.67G/2.24G [00:20<00:06, 84.9MB/s]
Downloading:  75%|███████▍  | 1.68G/2.24G [00:20<00:06, 85.2MB/s]
Downloading:  75%|███████▌  | 1.69G/2.24G [00:20<00:06, 84.0MB/s]
Downloading:  76%|███████▌  | 1.70G/2.24G [00:20<00:06, 85.0MB/s]
Downloading:  76%|███████▌  | 1.71G/2.24G [00:20<00:06, 87.5MB/s]
Downloading:  76%|███████▋  | 1.71G/2.24G [00:21<00:06, 88.3MB/s]
Downloading:  77%|███████▋  | 1.72G/2.24G [00:21<00:05, 89.7MB/s]
Downloading:  77%|███████▋  | 1.73G/2.24G [00:21<00:05, 89.7MB/s]
Downloading:  78%|███████▊  | 1.74G/2.24G [00:21<00:05, 90.8MB/s]
Downloading:  78%|███████▊  | 1.75G/2.24G [00:21<00:05, 90.6MB/s]
Downloading:  78%|███████▊  | 1.76G/2.24G [00:21<00:05, 91.4MB/s]
Downloading:  79%|███████▉  | 1.77G/2.24G [00:21<00:05, 90.3MB/s]
Downloading:  79%|███████▉  | 1.78G/2.24G [00:21<00:05, 90.3MB/s]
Downloading:  80%|███████▉  | 1.79G/2.24G [00:21<00:05, 88.5MB/s]
Downloading:  80%|████████  | 1.80G/2.24G [00:21<00:05, 88.8MB/s]
Downloading:  80%|████████  | 1.81G/2.24G [00:22<00:04, 90.2MB/s]
Downloading:  81%|████████  | 1.81G/2.24G [00:22<00:04, 90.2MB/s]
Downloading:  81%|████████▏ | 1.82G/2.24G [00:22<00:04, 91.1MB/s]
Downloading:  82%|████████▏ | 1.83G/2.24G [00:22<00:04, 90.7MB/s]
Downloading:  82%|████████▏ | 1.84G/2.24G [00:22<00:04, 91.4MB/s]
Downloading:  82%|████████▏ | 1.85G/2.24G [00:22<00:04, 91.1MB/s]
Downloading:  83%|████████▎ | 1.86G/2.24G [00:22<00:04, 91.8MB/s]
Downloading:  83%|████████▎ | 1.87G/2.24G [00:22<00:04, 91.5MB/s]
Downloading:  84%|████████▎ | 1.88G/2.24G [00:22<00:04, 91.2MB/s]
Downloading:  84%|████████▍ | 1.89G/2.24G [00:22<00:03, 91.9MB/s]
Downloading:  85%|████████▍ | 1.90G/2.24G [00:23<00:03, 90.9MB/s]
Downloading:  85%|████████▍ | 1.91G/2.24G [00:23<00:03, 91.6MB/s]
Downloading:  85%|████████▌ | 1.92G/2.24G [00:23<00:03, 91.2MB/s]
Downloading:  86%|████████▌ | 1.93G/2.24G [00:23<00:03, 92.1MB/s]
Downloading:  86%|████████▌ | 1.94G/2.24G [00:23<00:03, 91.6MB/s]
Downloading:  87%|████████▋ | 1.94G/2.24G [00:23<00:03, 92.1MB/s]
Downloading:  87%|████████▋ | 1.95G/2.24G [00:23<00:03, 91.6MB/s]
Downloading:  87%|████████▋ | 1.96G/2.24G [00:23<00:03, 91.2MB/s]
Downloading:  88%|████████▊ | 1.97G/2.24G [00:23<00:02, 91.9MB/s]
Downloading:  88%|████████▊ | 1.98G/2.24G [00:24<00:02, 91.3MB/s]
Downloading:  89%|████████▊ | 1.99G/2.24G [00:24<00:02, 92.2MB/s]
Downloading:  89%|████████▉ | 2.00G/2.24G [00:24<00:02, 91.5MB/s]
Downloading:  90%|████████▉ | 2.01G/2.24G [00:24<00:02, 92.4MB/s]
Downloading:  90%|████████▉ | 2.02G/2.24G [00:24<00:02, 91.8MB/s]
Downloading:  90%|█████████ | 2.03G/2.24G [00:24<00:02, 92.3MB/s]
Downloading:  91%|█████████ | 2.04G/2.24G [00:24<00:02, 91.8MB/s]
Downloading:  91%|█████████ | 2.05G/2.24G [00:24<00:02, 92.2MB/s]
Downloading:  92%|█████████▏| 2.06G/2.24G [00:24<00:02, 91.8MB/s]
Downloading:  92%|█████████▏| 2.07G/2.24G [00:24<00:01, 91.2MB/s]
Downloading:  92%|█████████▏| 2.07G/2.24G [00:25<00:01, 92.0MB/s]
Downloading:  93%|█████████▎| 2.08G/2.24G [00:25<00:01, 90.9MB/s]
Downloading:  93%|█████████▎| 2.09G/2.24G [00:25<00:01, 91.7MB/s]
Downloading:  94%|█████████▎| 2.10G/2.24G [00:25<00:01, 91.2MB/s]
Downloading:  94%|█████████▍| 2.11G/2.24G [00:25<00:01, 92.0MB/s]
Downloading:  94%|█████████▍| 2.12G/2.24G [00:25<00:01, 72.3MB/s]
Downloading:  95%|█████████▍| 2.13G/2.24G [00:25<00:01, 77.6MB/s]
Downloading:  95%|█████████▌| 2.14G/2.24G [00:25<00:01, 81.1MB/s]
Downloading:  96%|█████████▌| 2.15G/2.24G [00:25<00:01, 83.5MB/s]
Downloading:  96%|█████████▌| 2.16G/2.24G [00:26<00:01, 86.3MB/s]
Downloading:  97%|█████████▋| 2.17G/2.24G [00:26<00:00, 87.4MB/s]
Downloading:  97%|█████████▋| 2.18G/2.24G [00:26<00:00, 89.0MB/s]
Downloading:  97%|█████████▋| 2.19G/2.24G [00:26<00:00, 89.5MB/s]
Downloading:  98%|█████████▊| 2.19G/2.24G [00:26<00:00, 90.8MB/s]
Downloading:  98%|█████████▊| 2.20G/2.24G [00:26<00:00, 90.3MB/s]
Downloading:  99%|█████████▊| 2.21G/2.24G [00:26<00:00, 91.5MB/s]
Downloading:  99%|█████████▉| 2.22G/2.24G [00:26<00:00, 91.0MB/s]
Downloading:  99%|█████████▉| 2.23G/2.24G [00:26<00:00, 90.8MB/s]
Downloading: 100%|█████████▉| 2.24G/2.24G [00:26<00:00, 76.9MB/s]
Downloading: 100%|██████████| 2.24G/2.24G [00:27<00:00, 83.0MB/s]Bert successfully loaded.
Tokenizing documents at /fp/homes01/u01/ec-egilron/narc-baseline/data/wl-formatted_heads/narc_train_head.jsonl...
Tokenization OK


  0% 0/260 [00:00<?, ?docs/s]
Epoch 1: nwbokmaal_db~20081207-3959721 c_loss: 47.17522 s_loss: 0.49145:   0% 0/260 [00:01<?, ?docs/s]
Epoch 1: nwbokmaal_db~20081207-3959721 c_loss: 47.17522 s_loss: 0.49145:   0% 1/260 [00:01<07:58,  1.85s/docs]
Epoch 1: nwbokmaal_bt~BT-20120820-2752121 c_loss: 51.19973 s_loss: 2.05602:   0% 1/260 [00:02<07:58,  1.85s/docs]
Epoch 1: nwbokmaal_bt~BT-20120820-2752121 c_loss: 51.19973 s_loss: 2.05602:   1% 2/260 [00:02<03:49,  1.12docs/s]
Epoch 1: nwbokmaal_bt~BT-20121108-2793414 c_loss: 47.85218 s_loss: 1.98670:   1% 2/260 [00:02<03:49,  1.12docs/s]
Epoch 1: nwbokmaal_bt~BT-20121108-2793414 c_loss: 47.85218 s_loss: 1.98670:   1% 3/260 [00:02<02:22,  1.81docs/s]
Epoch 1: nwbokmaal_dbb~20081003-3436398_b c_loss: 44.91934 s_loss: 3.57749:   1% 3/260 [00:02<02:22,  1.81docs/s]
Epoch 1: nwbokmaal_dbb~20081003-3436398_b c_loss: 44.91934 s_loss: 3.57749:   2% 4/260 [00:02<01:49,  2.33docs/s]
Epoch 1: nwbokmaal_kk~20110831-59232 c_loss: 40.70758 s_loss: 3.10498:   2% 4/260 [00:02<01:49,  2.33docs/s]     
Epoch 1: nwbokmaal_kk~20110831-59232 c_loss: 40.70758 s_loss: 3.10498:   2% 5/260 [00:02<01:19,  3.21docs/s]
Epoch 1: nwbokmaal_spbm~20111209-404992 c_loss: 36.46468 s_loss: 2.66607:   2% 5/260 [00:02<01:19,  3.21docs/s]
Epoch 1: nwbokmaal_spbm~20111209-404992 c_loss: 36.46468 s_loss: 2.66607:   2% 6/260 [00:02<01:02,  4.07docs/s]
Epoch 1: nwbokmaal_ap_20091005-3303888 c_loss: 32.93744 s_loss: 2.79095:   2% 6/260 [00:02<01:02,  4.07docs/s] 
Epoch 1: nwbokmaal_ap_20091005-3303888 c_loss: 32.93744 s_loss: 2.79095:   3% 7/260 [00:02<00:54,  4.62docs/s]
Epoch 1: nwbokmaal_ap_20080401-2339630 c_loss: 30.11787 s_loss: 2.67017:   3% 7/260 [00:02<00:54,  4.62docs/s]
Epoch 1: nwbokmaal_ap_20080401-2339630 c_loss: 30.11787 s_loss: 2.67017:   3% 8/260 [00:02<00:45,  5.56docs/s]
Epoch 1: nwbokmaal_db~20081121-3793047 c_loss: 27.12458 s_loss: 2.45877:   3% 8/260 [00:03<00:45,  5.56docs/s]
Epoch 1: nwbokmaal_db~20081121-3793047 c_loss: 27.12458 s_loss: 2.45877:   3% 9/260 [00:03<00:38,  6.44docs/s]
Epoch 1: nwbokmaal_ap_20090106-2851291 c_loss: 24.71090 s_loss: 2.36508:   3% 9/260 [00:03<00:38,  6.44docs/s]
Epoch 1: nwbokmaal_ap_20090106-2851291 c_loss: 24.71090 s_loss: 2.36508:   4% 10/260 [00:03<00:36,  6.86docs/s]
Epoch 1: nwbokmaal_ap_20090817-3218765 c_loss: 22.56320 s_loss: 2.16515:   4% 10/260 [00:03<00:36,  6.86docs/s]
Epoch 1: nwbokmaal_ap_20091023-3336381 c_loss: 22.63761 s_loss: 2.31419:   4% 10/260 [00:03<00:36,  6.86docs/s]
Epoch 1: nwbokmaal_ap_20091023-3336381 c_loss: 22.63761 s_loss: 2.31419:   5% 12/260 [00:03<00:31,  7.77docs/s]
Epoch 1: nwbokmaal_ap_20091018-3325564 c_loss: 19.31800 s_loss: 2.07935:   5% 12/260 [00:03<00:31,  7.77docs/s]
Epoch 1: nwbokmaal_ap_20091018-3325564 c_loss: 19.31800 s_loss: 2.07935:   5% 13/260 [00:03<00:31,  7.85docs/s]
Epoch 1: nwbokmaal_bt~BT-20120208-2652051 c_loss: 18.15623 s_loss: 2.07141:   5% 13/260 [00:03<00:31,  7.85docs/s]
Epoch 1: nwbokmaal_bt~BT-20120208-2652051 c_loss: 18.15623 s_loss: 2.07141:   5% 14/260 [00:03<00:30,  7.96docs/s]
Epoch 1: nwbokmaal_vg~vg-20111003-10039621 c_loss: 17.17548 s_loss: 2.08660:   5% 14/260 [00:03<00:30,  7.96docs/s]
Epoch 1: nwbokmaal_vg~vg-20111003-10039621 c_loss: 17.17548 s_loss: 2.08660:   6% 15/260 [00:03<00:30,  8.01docs/s]
Epoch 1: nwbokmaal_ap_20091013-3318733 c_loss: 16.15215 s_loss: 2.01979:   6% 15/260 [00:03<00:30,  8.01docs/s]    
Epoch 1: nwbokmaal_ap_20091013-3318733 c_loss: 16.15215 s_loss: 2.01979:   6% 16/260 [00:03<00:30,  8.11docs/s]
Epoch 1: nwbokmaal_db~20081117-3745306 c_loss: 15.27881 s_loss: 2.15112:   6% 16/260 [00:04<00:30,  8.11docs/s]
Epoch 1: nwbokmaal_db~20081117-3745306 c_loss: 15.27881 s_loss: 2.15112:   7% 17/260 [00:04<00:34,  6.98docs/s]
Epoch 1: nwbokmaal_ap~20090803-3199497 c_loss: 14.57225 s_loss: 2.23455:   7% 17/260 [00:04<00:34,  6.98docs/s]
Epoch 1: nwbokmaal_ap~20090803-3199497 c_loss: 14.57225 s_loss: 2.23455:   7% 18/260 [00:04<00:35,  6.86docs/s]
Epoch 1: nwbokmaal_spbm~20111209-405194 c_loss: 13.93080 s_loss: 2.13993:   7% 18/260 [00:04<00:35,  6.86docs/s]
Epoch 1: nwbokmaal_spbm~20111209-404997 c_loss: 14.17791 s_loss: 2.20419:   7% 18/260 [00:04<00:35,  6.86docs/s]
Epoch 1: nwbokmaal_spbm~20111209-404997 c_loss: 14.17791 s_loss: 2.20419:   8% 20/260 [00:04<00:29,  8.02docs/s]
Epoch 1: nwbokmaal_bt~BT-20121006-2776254 c_loss: 12.92519 s_loss: 2.32585:   8% 20/260 [00:04<00:29,  8.02docs/s]
Epoch 1: nwbokmaal_bt~BT-20121006-2776254 c_loss: 12.92519 s_loss: 2.32585:   8% 21/260 [00:04<00:41,  5.83docs/s]
Epoch 1: nwbokmaal_kk~20110831-59231 c_loss: 12.41566 s_loss: 2.28850:   8% 21/260 [00:04<00:41,  5.83docs/s]     
Epoch 1: nwbokmaal_kk~20110831-59231 c_loss: 12.41566 s_loss: 2.28850:   8% 22/260 [00:04<00:38,  6.24docs/s]
Epoch 1: nwbokmaal_kk~20110831-59231 c_loss: 12.41566 s_loss: 2.28850:   8% 22/260 [00:05<00:56,  4.24docs/s]
Total running time: 0:00:05
Traceback (most recent call last):
  File "/fp/homes01/u01/ec-egilron/narc-baseline/wl-coref-ncc/run.py", line 86, in <module>
    model.train()
  File "/fp/homes01/u01/ec-egilron/narc-baseline/wl-coref-ncc/coref/coref_model.py", line 297, in train
    res = self.run(doc)
  File "/fp/homes01/u01/ec-egilron/narc-baseline/wl-coref-ncc/coref/coref_model.py", line 218, in run
    words, cluster_ids = self.we(doc, self._bertify(doc))
  File "/fp/homes01/u01/ec-egilron/narc-baseline/wl-coref-ncc/coref/coref_model.py", line 360, in _bertify
    out, _ = self.bert(
  File "/cluster/software/PyTorch/1.9.0-fosscuda-2020b/lib/python3.8/site-packages/torch/nn/modules/module.py", line 1051, in _call_impl
    return forward_call(*input, **kwargs)
  File "/fp/homes01/u01/ec-egilron/venvs/trans_nopt/lib/python3.8/site-packages/transformers/modeling_roberta.py", line 666, in forward
    encoder_outputs = self.encoder(
  File "/cluster/software/PyTorch/1.9.0-fosscuda-2020b/lib/python3.8/site-packages/torch/nn/modules/module.py", line 1051, in _call_impl
    return forward_call(*input, **kwargs)
  File "/fp/homes01/u01/ec-egilron/venvs/trans_nopt/lib/python3.8/site-packages/transformers/modeling_roberta.py", line 421, in forward
    layer_outputs = layer_module(
  File "/cluster/software/PyTorch/1.9.0-fosscuda-2020b/lib/python3.8/site-packages/torch/nn/modules/module.py", line 1051, in _call_impl
    return forward_call(*input, **kwargs)
  File "/fp/homes01/u01/ec-egilron/venvs/trans_nopt/lib/python3.8/site-packages/transformers/modeling_roberta.py", line 342, in forward
    self_attention_outputs = self.attention(
  File "/cluster/software/PyTorch/1.9.0-fosscuda-2020b/lib/python3.8/site-packages/torch/nn/modules/module.py", line 1051, in _call_impl
    return forward_call(*input, **kwargs)
  File "/fp/homes01/u01/ec-egilron/venvs/trans_nopt/lib/python3.8/site-packages/transformers/modeling_roberta.py", line 274, in forward
    self_outputs = self.self(
  File "/cluster/software/PyTorch/1.9.0-fosscuda-2020b/lib/python3.8/site-packages/torch/nn/modules/module.py", line 1051, in _call_impl
    return forward_call(*input, **kwargs)
  File "/fp/homes01/u01/ec-egilron/venvs/trans_nopt/lib/python3.8/site-packages/transformers/modeling_roberta.py", line 197, in forward
    attention_scores = torch.matmul(query_layer, key_layer.transpose(-1, -2))
RuntimeError: CUDA out of memory. Tried to allocate 32.00 MiB (GPU 0; 39.59 GiB total capacity; 36.49 GiB already allocated; 32.19 MiB free; 37.83 GiB reserved in total by PyTorch)

Task and CPU usage stats:
JobID           JobName  AllocCPUS   NTasks     MinCPU MinCPUTask     AveCPU    Elapsed ExitCode 
------------ ---------- ---------- -------- ---------- ---------- ---------- ---------- -------- 
106841             narc          1                                             00:14:44      1:0 
106841.batch      batch          1        1   00:14:01          0   00:14:01   00:14:44      1:0 
106841.exte+     extern          1        1   00:00:00          0   00:00:00   00:14:44      0:0 

Memory usage stats:
JobID            MaxRSS MaxRSSTask     AveRSS MaxPages   MaxPagesTask   AvePages 
------------ ---------- ---------- ---------- -------- -------------- ---------- 
106841                                                                           
106841.batch   3219128K          0   3219128K        0              0          0 
106841.exte+          0          0          0        0              0          0 

Disk usage stats:
JobID         MaxDiskRead MaxDiskReadTask    AveDiskRead MaxDiskWrite MaxDiskWriteTask   AveDiskWrite 
------------ ------------ --------------- -------------- ------------ ---------------- -------------- 
106841                                                                                                
106841.batch     3673.63M               0       3673.63M      214.54M                0        214.54M 
106841.exte+        0.01M               0          0.01M            0                0              0 

GPU usage stats:
Successfully retrieved statistics for job: 106841. 
+------------------------------------------------------------------------------+
| GPU ID: 3                                                                    |
+====================================+=========================================+
|-----  Execution Stats  ------------+-----------------------------------------|
| Start Time                         | Wed Jul  6 09:07:06 2022                |
| End Time                           | Wed Jul  6 09:21:50 2022                |
| Total Execution Time (sec)         | 883.88                                  |
| No. of Processes                   | 1                                       |
+-----  Performance Stats  ----------+-----------------------------------------+
| Energy Consumed (Joules)           | 76729                                   |
| Power Usage (Watts)                | Avg: 88.7071, Max: 246.358, Min: 33.929 |
| Max GPU Memory Used (bytes)        | 24130879488                             |
| SM Clock (MHz)                     | Avg: 985, Max: 1410, Min: 765           |
| Memory Clock (MHz)                 | Avg: 1215, Max: 1215, Min: 1215         |
| SM Utilization (%)                 | Avg: 26, Max: 100, Min: 0               |
| Memory Utilization (%)             | Avg: 10, Max: 54, Min: 0                |
| PCIe Rx Bandwidth (megabytes)      | Avg: N/A, Max: N/A, Min: N/A            |
| PCIe Tx Bandwidth (megabytes)      | Avg: N/A, Max: N/A, Min: N/A            |
+-----  Event Stats  ----------------+-----------------------------------------+
| Single Bit ECC Errors              | 0                                       |
| Double Bit ECC Errors              | 0                                       |
| PCIe Replay Warnings               | 0                                       |
| Critical XID Errors                | 0                                       |
+-----  Slowdown Stats  -------------+-----------------------------------------+
| Due to - Power (%)                 | 0                                       |
|        - Thermal (%)               | 0                                       |
|        - Reliability (%)           | Not Supported                           |
|        - Board Limit (%)           | Not Supported                           |
|        - Low Utilization (%)       | Not Supported                           |
|        - Sync Boost (%)            | 0                                       |
+--  Compute Process Utilization  ---+-----------------------------------------+
| PID                                | 3738111                                 |
|     Avg SM Utilization (%)         | 24                                      |
|     Avg Memory Utilization (%)     | 11                                      |
+-----  Overall Health  -------------+-----------------------------------------+
| Overall Health                     | Healthy                                 |
+------------------------------------+-----------------------------------------+


Job 106841 completed at Wed Jul 6 09:21:50 CEST 2022
